{"/Users/jorge/Documents/lacueva/cotemar/cotizame-native/app/actions/AlertsActions.js": {"path":"/Users/jorge/Documents/lacueva/cotemar/cotizame-native/app/actions/AlertsActions.js","statementMap":{"0":{"start":{"line":6,"column":33},"end":{"line":6,"column":53}},"1":{"start":{"line":7,"column":35},"end":{"line":7,"column":57}},"2":{"start":{"line":8,"column":35},"end":{"line":8,"column":57}},"3":{"start":{"line":9,"column":29},"end":{"line":9,"column":45}},"4":{"start":{"line":10,"column":27},"end":{"line":10,"column":41}},"5":{"start":{"line":11,"column":31},"end":{"line":11,"column":49}},"6":{"start":{"line":14,"column":1},"end":{"line":18,"column":2}},"7":{"start":{"line":15,"column":2},"end":{"line":15,"column":47}},"8":{"start":{"line":15,"column":40},"end":{"line":15,"column":47}},"9":{"start":{"line":16,"column":2},"end":{"line":16,"column":32}},"10":{"start":{"line":17,"column":2},"end":{"line":17,"column":28}},"11":{"start":{"line":22,"column":1},"end":{"line":37,"column":2}},"12":{"start":{"line":23,"column":2},"end":{"line":23,"column":31}},"13":{"start":{"line":24,"column":23},"end":{"line":24,"column":58}},"14":{"start":{"line":25,"column":2},"end":{"line":36,"column":5}},"15":{"start":{"line":28,"column":22},"end":{"line":28,"column":54}},"16":{"start":{"line":29,"column":5},"end":{"line":29,"column":46}},"17":{"start":{"line":30,"column":5},"end":{"line":30,"column":23}},"18":{"start":{"line":33,"column":5},"end":{"line":33,"column":41}},"19":{"start":{"line":34,"column":5},"end":{"line":34,"column":55}},"20":{"start":{"line":41,"column":1},"end":{"line":58,"column":2}},"21":{"start":{"line":42,"column":2},"end":{"line":42,"column":30}},"22":{"start":{"line":43,"column":23},"end":{"line":43,"column":58}},"23":{"start":{"line":44,"column":2},"end":{"line":57,"column":5}},"24":{"start":{"line":47,"column":22},"end":{"line":47,"column":54}},"25":{"start":{"line":48,"column":5},"end":{"line":48,"column":29}},"26":{"start":{"line":49,"column":5},"end":{"line":49,"column":46}},"27":{"start":{"line":50,"column":5},"end":{"line":50,"column":31}},"28":{"start":{"line":51,"column":5},"end":{"line":51,"column":23}},"29":{"start":{"line":54,"column":5},"end":{"line":54,"column":41}},"30":{"start":{"line":55,"column":5},"end":{"line":55,"column":55}},"31":{"start":{"line":61,"column":29},"end":{"line":63,"column":2}},"32":{"start":{"line":61,"column":36},"end":{"line":63,"column":1}},"33":{"start":{"line":65,"column":31},"end":{"line":67,"column":2}},"34":{"start":{"line":65,"column":38},"end":{"line":67,"column":1}},"35":{"start":{"line":69,"column":27},"end":{"line":71,"column":2}},"36":{"start":{"line":69,"column":34},"end":{"line":71,"column":1}},"37":{"start":{"line":73,"column":32},"end":{"line":75,"column":2}},"38":{"start":{"line":73,"column":39},"end":{"line":75,"column":1}},"39":{"start":{"line":77,"column":34},"end":{"line":80,"column":2}},"40":{"start":{"line":77,"column":45},"end":{"line":80,"column":1}},"41":{"start":{"line":82,"column":34},"end":{"line":85,"column":2}},"42":{"start":{"line":82,"column":44},"end":{"line":85,"column":1}}},"fnMap":{"0":{"name":"fetchAlertsBatch","decl":{"start":{"line":13,"column":16},"end":{"line":13,"column":32}},"loc":{"start":{"line":13,"column":35},"end":{"line":19,"column":1}},"line":13},"1":{"name":"(anonymous_1)","decl":{"start":{"line":14,"column":8},"end":{"line":14,"column":9}},"loc":{"start":{"line":14,"column":38},"end":{"line":18,"column":2}},"line":14},"2":{"name":"fetchAlerts","decl":{"start":{"line":21,"column":16},"end":{"line":21,"column":27}},"loc":{"start":{"line":21,"column":30},"end":{"line":38,"column":1}},"line":21},"3":{"name":"(anonymous_3)","decl":{"start":{"line":22,"column":8},"end":{"line":22,"column":9}},"loc":{"start":{"line":22,"column":38},"end":{"line":37,"column":2}},"line":22},"4":{"name":"(anonymous_4)","decl":{"start":{"line":27,"column":4},"end":{"line":27,"column":5}},"loc":{"start":{"line":27,"column":14},"end":{"line":31,"column":5}},"line":27},"5":{"name":"(anonymous_5)","decl":{"start":{"line":32,"column":4},"end":{"line":32,"column":5}},"loc":{"start":{"line":32,"column":13},"end":{"line":35,"column":5}},"line":32},"6":{"name":"reloadAlerts","decl":{"start":{"line":40,"column":16},"end":{"line":40,"column":28}},"loc":{"start":{"line":40,"column":31},"end":{"line":59,"column":1}},"line":40},"7":{"name":"(anonymous_7)","decl":{"start":{"line":41,"column":8},"end":{"line":41,"column":9}},"loc":{"start":{"line":41,"column":38},"end":{"line":58,"column":2}},"line":41},"8":{"name":"(anonymous_8)","decl":{"start":{"line":46,"column":4},"end":{"line":46,"column":5}},"loc":{"start":{"line":46,"column":14},"end":{"line":52,"column":5}},"line":46},"9":{"name":"(anonymous_9)","decl":{"start":{"line":53,"column":4},"end":{"line":53,"column":5}},"loc":{"start":{"line":53,"column":13},"end":{"line":56,"column":5}},"line":53},"10":{"name":"(anonymous_10)","decl":{"start":{"line":61,"column":29},"end":{"line":61,"column":30}},"loc":{"start":{"line":61,"column":36},"end":{"line":63,"column":1}},"line":61},"11":{"name":"(anonymous_11)","decl":{"start":{"line":65,"column":31},"end":{"line":65,"column":32}},"loc":{"start":{"line":65,"column":38},"end":{"line":67,"column":1}},"line":65},"12":{"name":"(anonymous_12)","decl":{"start":{"line":69,"column":27},"end":{"line":69,"column":28}},"loc":{"start":{"line":69,"column":34},"end":{"line":71,"column":1}},"line":69},"13":{"name":"(anonymous_13)","decl":{"start":{"line":73,"column":32},"end":{"line":73,"column":33}},"loc":{"start":{"line":73,"column":39},"end":{"line":75,"column":1}},"line":73},"14":{"name":"(anonymous_14)","decl":{"start":{"line":77,"column":34},"end":{"line":77,"column":35}},"loc":{"start":{"line":77,"column":45},"end":{"line":80,"column":1}},"line":77},"15":{"name":"(anonymous_15)","decl":{"start":{"line":82,"column":34},"end":{"line":82,"column":35}},"loc":{"start":{"line":82,"column":44},"end":{"line":85,"column":1}},"line":82}},"branchMap":{"0":{"loc":{"start":{"line":15,"column":2},"end":{"line":15,"column":47}},"type":"if","locations":[{"start":{"line":15,"column":2},"end":{"line":15,"column":47}},{"start":{"line":15,"column":2},"end":{"line":15,"column":47}}],"line":15}},"s":{"0":2,"1":2,"2":2,"3":2,"4":2,"5":2,"6":0,"7":0,"8":0,"9":0,"10":0,"11":0,"12":0,"13":0,"14":0,"15":0,"16":0,"17":0,"18":0,"19":0,"20":0,"21":0,"22":0,"23":0,"24":0,"25":0,"26":0,"27":0,"28":0,"29":0,"30":0,"31":2,"32":0,"33":2,"34":0,"35":2,"36":0,"37":2,"38":0,"39":2,"40":0,"41":2,"42":0},"f":{"0":0,"1":0,"2":0,"3":0,"4":0,"5":0,"6":0,"7":0,"8":0,"9":0,"10":0,"11":0,"12":0,"13":0,"14":0,"15":0},"b":{"0":[0,0]},"_coverageSchema":"43e27e138ebf9cfc5966b082cf9a028302ed4184","hash":"7856812087b2c491f0af07a00f21ee904a6a6c92"}
,"/Users/jorge/Documents/lacueva/cotemar/cotizame-native/app/actions/CategoriesActions.js": {"path":"/Users/jorge/Documents/lacueva/cotemar/cotizame-native/app/actions/CategoriesActions.js","statementMap":{"0":{"start":{"line":2,"column":36},"end":{"line":2,"column":58}},"1":{"start":{"line":3,"column":38},"end":{"line":3,"column":62}},"2":{"start":{"line":4,"column":38},"end":{"line":4,"column":62}},"3":{"start":{"line":11,"column":1},"end":{"line":26,"column":3}},"4":{"start":{"line":12,"column":2},"end":{"line":12,"column":33}},"5":{"start":{"line":13,"column":2},"end":{"line":25,"column":4}},"6":{"start":{"line":16,"column":5},"end":{"line":16,"column":44}},"7":{"start":{"line":22,"column":5},"end":{"line":22,"column":43}},"8":{"start":{"line":23,"column":5},"end":{"line":23,"column":69}},"9":{"start":{"line":30,"column":34},"end":{"line":32,"column":2}},"10":{"start":{"line":30,"column":41},"end":{"line":32,"column":1}},"11":{"start":{"line":33,"column":36},"end":{"line":36,"column":2}},"12":{"start":{"line":33,"column":45},"end":{"line":36,"column":1}},"13":{"start":{"line":37,"column":36},"end":{"line":40,"column":2}},"14":{"start":{"line":37,"column":46},"end":{"line":40,"column":1}}},"fnMap":{"0":{"name":"getCategories","decl":{"start":{"line":10,"column":16},"end":{"line":10,"column":29}},"loc":{"start":{"line":10,"column":32},"end":{"line":27,"column":1}},"line":10},"1":{"name":"(anonymous_1)","decl":{"start":{"line":11,"column":8},"end":{"line":11,"column":9}},"loc":{"start":{"line":11,"column":26},"end":{"line":26,"column":2}},"line":11},"2":{"name":"(anonymous_2)","decl":{"start":{"line":15,"column":4},"end":{"line":15,"column":5}},"loc":{"start":{"line":15,"column":14},"end":{"line":20,"column":5}},"line":15},"3":{"name":"(anonymous_3)","decl":{"start":{"line":21,"column":4},"end":{"line":21,"column":5}},"loc":{"start":{"line":21,"column":13},"end":{"line":24,"column":5}},"line":21},"4":{"name":"(anonymous_4)","decl":{"start":{"line":30,"column":34},"end":{"line":30,"column":35}},"loc":{"start":{"line":30,"column":41},"end":{"line":32,"column":1}},"line":30},"5":{"name":"(anonymous_5)","decl":{"start":{"line":33,"column":36},"end":{"line":33,"column":37}},"loc":{"start":{"line":33,"column":45},"end":{"line":36,"column":1}},"line":33},"6":{"name":"(anonymous_6)","decl":{"start":{"line":37,"column":36},"end":{"line":37,"column":37}},"loc":{"start":{"line":37,"column":46},"end":{"line":40,"column":1}},"line":37}},"branchMap":{},"s":{"0":2,"1":2,"2":2,"3":0,"4":0,"5":0,"6":0,"7":0,"8":0,"9":2,"10":0,"11":2,"12":0,"13":2,"14":0},"f":{"0":0,"1":0,"2":0,"3":0,"4":0,"5":0,"6":0},"b":{},"_coverageSchema":"43e27e138ebf9cfc5966b082cf9a028302ed4184","hash":"797aef0d3ddc8e1f4d41cb0f16ffe08c61878c4e"}
,"/Users/jorge/Documents/lacueva/cotemar/cotizame-native/app/actions/EndsTodayActions.js": {"path":"/Users/jorge/Documents/lacueva/cotemar/cotizame-native/app/actions/EndsTodayActions.js","statementMap":{"0":{"start":{"line":6,"column":37},"end":{"line":6,"column":61}},"1":{"start":{"line":7,"column":39},"end":{"line":7,"column":65}},"2":{"start":{"line":8,"column":39},"end":{"line":8,"column":65}},"3":{"start":{"line":9,"column":29},"end":{"line":9,"column":45}},"4":{"start":{"line":10,"column":31},"end":{"line":10,"column":49}},"5":{"start":{"line":11,"column":31},"end":{"line":11,"column":49}},"6":{"start":{"line":14,"column":1},"end":{"line":18,"column":2}},"7":{"start":{"line":15,"column":2},"end":{"line":15,"column":50}},"8":{"start":{"line":15,"column":43},"end":{"line":15,"column":50}},"9":{"start":{"line":16,"column":2},"end":{"line":16,"column":35}},"10":{"start":{"line":17,"column":2},"end":{"line":17,"column":28}},"11":{"start":{"line":22,"column":1},"end":{"line":37,"column":2}},"12":{"start":{"line":23,"column":2},"end":{"line":23,"column":34}},"13":{"start":{"line":24,"column":23},"end":{"line":24,"column":61}},"14":{"start":{"line":25,"column":2},"end":{"line":36,"column":5}},"15":{"start":{"line":28,"column":22},"end":{"line":28,"column":55}},"16":{"start":{"line":29,"column":5},"end":{"line":29,"column":49}},"17":{"start":{"line":30,"column":5},"end":{"line":30,"column":23}},"18":{"start":{"line":33,"column":5},"end":{"line":33,"column":44}},"19":{"start":{"line":34,"column":5},"end":{"line":34,"column":58}},"20":{"start":{"line":41,"column":1},"end":{"line":58,"column":2}},"21":{"start":{"line":42,"column":2},"end":{"line":42,"column":30}},"22":{"start":{"line":43,"column":23},"end":{"line":43,"column":61}},"23":{"start":{"line":44,"column":2},"end":{"line":57,"column":5}},"24":{"start":{"line":47,"column":22},"end":{"line":47,"column":55}},"25":{"start":{"line":48,"column":5},"end":{"line":48,"column":32}},"26":{"start":{"line":49,"column":5},"end":{"line":49,"column":49}},"27":{"start":{"line":50,"column":5},"end":{"line":50,"column":31}},"28":{"start":{"line":51,"column":5},"end":{"line":51,"column":23}},"29":{"start":{"line":54,"column":5},"end":{"line":54,"column":44}},"30":{"start":{"line":55,"column":5},"end":{"line":55,"column":58}},"31":{"start":{"line":61,"column":29},"end":{"line":63,"column":2}},"32":{"start":{"line":61,"column":36},"end":{"line":63,"column":1}},"33":{"start":{"line":65,"column":31},"end":{"line":67,"column":2}},"34":{"start":{"line":65,"column":38},"end":{"line":67,"column":1}},"35":{"start":{"line":69,"column":30},"end":{"line":71,"column":2}},"36":{"start":{"line":69,"column":37},"end":{"line":71,"column":1}},"37":{"start":{"line":73,"column":35},"end":{"line":75,"column":2}},"38":{"start":{"line":73,"column":42},"end":{"line":75,"column":1}},"39":{"start":{"line":77,"column":37},"end":{"line":80,"column":2}},"40":{"start":{"line":77,"column":51},"end":{"line":80,"column":1}},"41":{"start":{"line":82,"column":37},"end":{"line":85,"column":2}},"42":{"start":{"line":82,"column":47},"end":{"line":85,"column":1}}},"fnMap":{"0":{"name":"fetchEndsTodayBatch","decl":{"start":{"line":13,"column":16},"end":{"line":13,"column":35}},"loc":{"start":{"line":13,"column":38},"end":{"line":19,"column":1}},"line":13},"1":{"name":"(anonymous_1)","decl":{"start":{"line":14,"column":8},"end":{"line":14,"column":9}},"loc":{"start":{"line":14,"column":38},"end":{"line":18,"column":2}},"line":14},"2":{"name":"fetchEndsToday","decl":{"start":{"line":21,"column":16},"end":{"line":21,"column":30}},"loc":{"start":{"line":21,"column":33},"end":{"line":38,"column":1}},"line":21},"3":{"name":"(anonymous_3)","decl":{"start":{"line":22,"column":8},"end":{"line":22,"column":9}},"loc":{"start":{"line":22,"column":38},"end":{"line":37,"column":2}},"line":22},"4":{"name":"(anonymous_4)","decl":{"start":{"line":27,"column":4},"end":{"line":27,"column":5}},"loc":{"start":{"line":27,"column":14},"end":{"line":31,"column":5}},"line":27},"5":{"name":"(anonymous_5)","decl":{"start":{"line":32,"column":4},"end":{"line":32,"column":5}},"loc":{"start":{"line":32,"column":13},"end":{"line":35,"column":5}},"line":32},"6":{"name":"reloadEndsToday","decl":{"start":{"line":40,"column":16},"end":{"line":40,"column":31}},"loc":{"start":{"line":40,"column":34},"end":{"line":59,"column":1}},"line":40},"7":{"name":"(anonymous_7)","decl":{"start":{"line":41,"column":8},"end":{"line":41,"column":9}},"loc":{"start":{"line":41,"column":38},"end":{"line":58,"column":2}},"line":41},"8":{"name":"(anonymous_8)","decl":{"start":{"line":46,"column":4},"end":{"line":46,"column":5}},"loc":{"start":{"line":46,"column":14},"end":{"line":52,"column":5}},"line":46},"9":{"name":"(anonymous_9)","decl":{"start":{"line":53,"column":4},"end":{"line":53,"column":5}},"loc":{"start":{"line":53,"column":13},"end":{"line":56,"column":5}},"line":53},"10":{"name":"(anonymous_10)","decl":{"start":{"line":61,"column":29},"end":{"line":61,"column":30}},"loc":{"start":{"line":61,"column":36},"end":{"line":63,"column":1}},"line":61},"11":{"name":"(anonymous_11)","decl":{"start":{"line":65,"column":31},"end":{"line":65,"column":32}},"loc":{"start":{"line":65,"column":38},"end":{"line":67,"column":1}},"line":65},"12":{"name":"(anonymous_12)","decl":{"start":{"line":69,"column":30},"end":{"line":69,"column":31}},"loc":{"start":{"line":69,"column":37},"end":{"line":71,"column":1}},"line":69},"13":{"name":"(anonymous_13)","decl":{"start":{"line":73,"column":35},"end":{"line":73,"column":36}},"loc":{"start":{"line":73,"column":42},"end":{"line":75,"column":1}},"line":73},"14":{"name":"(anonymous_14)","decl":{"start":{"line":77,"column":37},"end":{"line":77,"column":38}},"loc":{"start":{"line":77,"column":51},"end":{"line":80,"column":1}},"line":77},"15":{"name":"(anonymous_15)","decl":{"start":{"line":82,"column":37},"end":{"line":82,"column":38}},"loc":{"start":{"line":82,"column":47},"end":{"line":85,"column":1}},"line":82}},"branchMap":{"0":{"loc":{"start":{"line":15,"column":2},"end":{"line":15,"column":50}},"type":"if","locations":[{"start":{"line":15,"column":2},"end":{"line":15,"column":50}},{"start":{"line":15,"column":2},"end":{"line":15,"column":50}}],"line":15}},"s":{"0":2,"1":2,"2":2,"3":2,"4":2,"5":2,"6":0,"7":0,"8":0,"9":0,"10":0,"11":0,"12":0,"13":0,"14":0,"15":0,"16":0,"17":0,"18":0,"19":0,"20":0,"21":0,"22":0,"23":0,"24":0,"25":0,"26":0,"27":0,"28":0,"29":0,"30":0,"31":2,"32":0,"33":2,"34":0,"35":2,"36":0,"37":2,"38":0,"39":2,"40":0,"41":2,"42":0},"f":{"0":0,"1":0,"2":0,"3":0,"4":0,"5":0,"6":0,"7":0,"8":0,"9":0,"10":0,"11":0,"12":0,"13":0,"14":0,"15":0},"b":{"0":[0,0]},"_coverageSchema":"43e27e138ebf9cfc5966b082cf9a028302ed4184","hash":"7016f09653524ffd419cb56dff50994cee59f820"}
,"/Users/jorge/Documents/lacueva/cotemar/cotizame-native/app/actions/ForumActions.js": {"path":"/Users/jorge/Documents/lacueva/cotemar/cotizame-native/app/actions/ForumActions.js","statementMap":{"0":{"start":{"line":3,"column":31},"end":{"line":3,"column":48}},"1":{"start":{"line":4,"column":33},"end":{"line":4,"column":52}},"2":{"start":{"line":5,"column":33},"end":{"line":5,"column":52}},"3":{"start":{"line":6,"column":31},"end":{"line":6,"column":48}},"4":{"start":{"line":10,"column":1},"end":{"line":23,"column":3}},"5":{"start":{"line":11,"column":20},"end":{"line":11,"column":42}},"6":{"start":{"line":12,"column":2},"end":{"line":12,"column":28}},"7":{"start":{"line":13,"column":2},"end":{"line":22,"column":4}},"8":{"start":{"line":16,"column":5},"end":{"line":16,"column":52}},"9":{"start":{"line":19,"column":5},"end":{"line":19,"column":38}},"10":{"start":{"line":20,"column":5},"end":{"line":20,"column":28}},"11":{"start":{"line":27,"column":29},"end":{"line":29,"column":2}},"12":{"start":{"line":27,"column":36},"end":{"line":29,"column":1}},"13":{"start":{"line":30,"column":31},"end":{"line":34,"column":2}},"14":{"start":{"line":30,"column":55},"end":{"line":34,"column":1}},"15":{"start":{"line":35,"column":31},"end":{"line":38,"column":2}},"16":{"start":{"line":35,"column":41},"end":{"line":38,"column":1}},"17":{"start":{"line":39,"column":29},"end":{"line":41,"column":2}},"18":{"start":{"line":39,"column":36},"end":{"line":41,"column":1}}},"fnMap":{"0":{"name":"getForum","decl":{"start":{"line":9,"column":16},"end":{"line":9,"column":24}},"loc":{"start":{"line":9,"column":44},"end":{"line":24,"column":1}},"line":9},"1":{"name":"(anonymous_1)","decl":{"start":{"line":10,"column":8},"end":{"line":10,"column":9}},"loc":{"start":{"line":10,"column":38},"end":{"line":23,"column":2}},"line":10},"2":{"name":"(anonymous_2)","decl":{"start":{"line":15,"column":4},"end":{"line":15,"column":5}},"loc":{"start":{"line":15,"column":14},"end":{"line":17,"column":5}},"line":15},"3":{"name":"(anonymous_3)","decl":{"start":{"line":18,"column":4},"end":{"line":18,"column":5}},"loc":{"start":{"line":18,"column":13},"end":{"line":21,"column":5}},"line":18},"4":{"name":"(anonymous_4)","decl":{"start":{"line":27,"column":29},"end":{"line":27,"column":30}},"loc":{"start":{"line":27,"column":36},"end":{"line":29,"column":1}},"line":27},"5":{"name":"(anonymous_5)","decl":{"start":{"line":30,"column":31},"end":{"line":30,"column":32}},"loc":{"start":{"line":30,"column":55},"end":{"line":34,"column":1}},"line":30},"6":{"name":"(anonymous_6)","decl":{"start":{"line":35,"column":31},"end":{"line":35,"column":32}},"loc":{"start":{"line":35,"column":41},"end":{"line":38,"column":1}},"line":35},"7":{"name":"(anonymous_7)","decl":{"start":{"line":39,"column":29},"end":{"line":39,"column":30}},"loc":{"start":{"line":39,"column":36},"end":{"line":41,"column":1}},"line":39}},"branchMap":{},"s":{"0":2,"1":2,"2":2,"3":2,"4":0,"5":0,"6":0,"7":0,"8":0,"9":0,"10":0,"11":2,"12":0,"13":2,"14":0,"15":2,"16":0,"17":2,"18":0},"f":{"0":0,"1":0,"2":0,"3":0,"4":0,"5":0,"6":0,"7":0},"b":{},"_coverageSchema":"43e27e138ebf9cfc5966b082cf9a028302ed4184","hash":"c763e0631fd13bad470089ba9ce5a49fdccaa227"}
,"/Users/jorge/Documents/lacueva/cotemar/cotizame-native/app/actions/LoginActions.js": {"path":"/Users/jorge/Documents/lacueva/cotemar/cotizame-native/app/actions/LoginActions.js","statementMap":{"0":{"start":{"line":3,"column":26},"end":{"line":3,"column":39}},"1":{"start":{"line":4,"column":28},"end":{"line":4,"column":43}},"2":{"start":{"line":5,"column":28},"end":{"line":5,"column":43}},"3":{"start":{"line":8,"column":1},"end":{"line":21,"column":2}},"4":{"start":{"line":9,"column":2},"end":{"line":9,"column":28}},"5":{"start":{"line":10,"column":2},"end":{"line":20,"column":5}},"6":{"start":{"line":13,"column":5},"end":{"line":13,"column":39}},"7":{"start":{"line":14,"column":5},"end":{"line":14,"column":19}},"8":{"start":{"line":17,"column":5},"end":{"line":17,"column":38}},"9":{"start":{"line":18,"column":5},"end":{"line":18,"column":28}},"10":{"start":{"line":24,"column":29},"end":{"line":26,"column":2}},"11":{"start":{"line":24,"column":36},"end":{"line":26,"column":1}},"12":{"start":{"line":28,"column":31},"end":{"line":31,"column":2}},"13":{"start":{"line":28,"column":40},"end":{"line":31,"column":1}},"14":{"start":{"line":33,"column":31},"end":{"line":36,"column":2}},"15":{"start":{"line":33,"column":41},"end":{"line":36,"column":1}}},"fnMap":{"0":{"name":"login","decl":{"start":{"line":7,"column":16},"end":{"line":7,"column":21}},"loc":{"start":{"line":7,"column":34},"end":{"line":22,"column":1}},"line":7},"1":{"name":"(anonymous_1)","decl":{"start":{"line":8,"column":8},"end":{"line":8,"column":9}},"loc":{"start":{"line":8,"column":42},"end":{"line":21,"column":2}},"line":8},"2":{"name":"(anonymous_2)","decl":{"start":{"line":12,"column":4},"end":{"line":12,"column":5}},"loc":{"start":{"line":12,"column":14},"end":{"line":15,"column":5}},"line":12},"3":{"name":"(anonymous_3)","decl":{"start":{"line":16,"column":4},"end":{"line":16,"column":5}},"loc":{"start":{"line":16,"column":13},"end":{"line":19,"column":5}},"line":16},"4":{"name":"(anonymous_4)","decl":{"start":{"line":24,"column":29},"end":{"line":24,"column":30}},"loc":{"start":{"line":24,"column":36},"end":{"line":26,"column":1}},"line":24},"5":{"name":"(anonymous_5)","decl":{"start":{"line":28,"column":31},"end":{"line":28,"column":32}},"loc":{"start":{"line":28,"column":40},"end":{"line":31,"column":1}},"line":28},"6":{"name":"(anonymous_6)","decl":{"start":{"line":33,"column":31},"end":{"line":33,"column":32}},"loc":{"start":{"line":33,"column":41},"end":{"line":36,"column":1}},"line":33}},"branchMap":{},"s":{"0":2,"1":2,"2":2,"3":0,"4":0,"5":0,"6":0,"7":0,"8":0,"9":0,"10":2,"11":0,"12":2,"13":0,"14":2,"15":0},"f":{"0":0,"1":0,"2":0,"3":0,"4":0,"5":0,"6":0},"b":{},"_coverageSchema":"43e27e138ebf9cfc5966b082cf9a028302ed4184","hash":"3cce9c78d96c16a590d4c9c9d212bf65e9d8dd94"}
,"/Users/jorge/Documents/lacueva/cotemar/cotizame-native/app/actions/MeActions.js": {"path":"/Users/jorge/Documents/lacueva/cotemar/cotizame-native/app/actions/MeActions.js","statementMap":{"0":{"start":{"line":3,"column":27},"end":{"line":3,"column":41}},"1":{"start":{"line":4,"column":29},"end":{"line":4,"column":45}},"2":{"start":{"line":5,"column":29},"end":{"line":5,"column":45}},"3":{"start":{"line":8,"column":1},"end":{"line":21,"column":3}},"4":{"start":{"line":9,"column":2},"end":{"line":9,"column":25}},"5":{"start":{"line":10,"column":2},"end":{"line":20,"column":4}},"6":{"start":{"line":13,"column":5},"end":{"line":13,"column":36}},"7":{"start":{"line":14,"column":5},"end":{"line":14,"column":19}},"8":{"start":{"line":17,"column":5},"end":{"line":17,"column":35}},"9":{"start":{"line":18,"column":5},"end":{"line":18,"column":28}},"10":{"start":{"line":24,"column":27},"end":{"line":28,"column":1}},"11":{"start":{"line":25,"column":1},"end":{"line":27,"column":3}},"12":{"start":{"line":26,"column":2},"end":{"line":26,"column":36}},"13":{"start":{"line":30,"column":26},"end":{"line":32,"column":2}},"14":{"start":{"line":30,"column":33},"end":{"line":32,"column":1}},"15":{"start":{"line":34,"column":28},"end":{"line":37,"column":2}},"16":{"start":{"line":34,"column":37},"end":{"line":37,"column":1}},"17":{"start":{"line":39,"column":28},"end":{"line":42,"column":2}},"18":{"start":{"line":39,"column":38},"end":{"line":42,"column":1}}},"fnMap":{"0":{"name":"getMe","decl":{"start":{"line":7,"column":16},"end":{"line":7,"column":21}},"loc":{"start":{"line":7,"column":24},"end":{"line":22,"column":1}},"line":7},"1":{"name":"(anonymous_1)","decl":{"start":{"line":8,"column":8},"end":{"line":8,"column":9}},"loc":{"start":{"line":8,"column":42},"end":{"line":21,"column":2}},"line":8},"2":{"name":"(anonymous_2)","decl":{"start":{"line":12,"column":4},"end":{"line":12,"column":5}},"loc":{"start":{"line":12,"column":14},"end":{"line":15,"column":5}},"line":12},"3":{"name":"(anonymous_3)","decl":{"start":{"line":16,"column":4},"end":{"line":16,"column":5}},"loc":{"start":{"line":16,"column":13},"end":{"line":19,"column":5}},"line":16},"4":{"name":"(anonymous_4)","decl":{"start":{"line":24,"column":27},"end":{"line":24,"column":28}},"loc":{"start":{"line":24,"column":35},"end":{"line":28,"column":1}},"line":24},"5":{"name":"(anonymous_5)","decl":{"start":{"line":25,"column":8},"end":{"line":25,"column":9}},"loc":{"start":{"line":25,"column":42},"end":{"line":27,"column":2}},"line":25},"6":{"name":"(anonymous_6)","decl":{"start":{"line":30,"column":26},"end":{"line":30,"column":27}},"loc":{"start":{"line":30,"column":33},"end":{"line":32,"column":1}},"line":30},"7":{"name":"(anonymous_7)","decl":{"start":{"line":34,"column":28},"end":{"line":34,"column":29}},"loc":{"start":{"line":34,"column":37},"end":{"line":37,"column":1}},"line":34},"8":{"name":"(anonymous_8)","decl":{"start":{"line":39,"column":28},"end":{"line":39,"column":29}},"loc":{"start":{"line":39,"column":38},"end":{"line":42,"column":1}},"line":39}},"branchMap":{},"s":{"0":2,"1":2,"2":2,"3":0,"4":0,"5":0,"6":0,"7":0,"8":0,"9":0,"10":2,"11":0,"12":0,"13":2,"14":0,"15":2,"16":0,"17":2,"18":0},"f":{"0":0,"1":0,"2":0,"3":0,"4":0,"5":0,"6":0,"7":0,"8":0},"b":{},"_coverageSchema":"43e27e138ebf9cfc5966b082cf9a028302ed4184","hash":"ec9b590f9a64b98781220483dc38b610fe02c8e0"}
,"/Users/jorge/Documents/lacueva/cotemar/cotizame-native/app/actions/MembershipActions.js": {"path":"/Users/jorge/Documents/lacueva/cotemar/cotizame-native/app/actions/MembershipActions.js","statementMap":{"0":{"start":{"line":4,"column":35},"end":{"line":4,"column":57}},"1":{"start":{"line":5,"column":37},"end":{"line":5,"column":61}},"2":{"start":{"line":6,"column":37},"end":{"line":6,"column":61}},"3":{"start":{"line":10,"column":1},"end":{"line":24,"column":3}},"4":{"start":{"line":11,"column":2},"end":{"line":11,"column":33}},"5":{"start":{"line":12,"column":2},"end":{"line":23,"column":4}},"6":{"start":{"line":16,"column":5},"end":{"line":16,"column":44}},"7":{"start":{"line":17,"column":5},"end":{"line":17,"column":19}},"8":{"start":{"line":20,"column":5},"end":{"line":20,"column":43}},"9":{"start":{"line":21,"column":5},"end":{"line":21,"column":28}},"10":{"start":{"line":28,"column":34},"end":{"line":30,"column":2}},"11":{"start":{"line":28,"column":41},"end":{"line":30,"column":1}},"12":{"start":{"line":31,"column":36},"end":{"line":34,"column":2}},"13":{"start":{"line":31,"column":45},"end":{"line":34,"column":1}},"14":{"start":{"line":35,"column":36},"end":{"line":38,"column":2}},"15":{"start":{"line":35,"column":46},"end":{"line":38,"column":1}}},"fnMap":{"0":{"name":"getMembership","decl":{"start":{"line":9,"column":16},"end":{"line":9,"column":29}},"loc":{"start":{"line":9,"column":32},"end":{"line":25,"column":1}},"line":9},"1":{"name":"(anonymous_1)","decl":{"start":{"line":10,"column":8},"end":{"line":10,"column":9}},"loc":{"start":{"line":10,"column":30},"end":{"line":24,"column":2}},"line":10},"2":{"name":"(anonymous_2)","decl":{"start":{"line":15,"column":4},"end":{"line":15,"column":5}},"loc":{"start":{"line":15,"column":14},"end":{"line":18,"column":5}},"line":15},"3":{"name":"(anonymous_3)","decl":{"start":{"line":19,"column":4},"end":{"line":19,"column":5}},"loc":{"start":{"line":19,"column":13},"end":{"line":22,"column":5}},"line":19},"4":{"name":"(anonymous_4)","decl":{"start":{"line":28,"column":34},"end":{"line":28,"column":35}},"loc":{"start":{"line":28,"column":41},"end":{"line":30,"column":1}},"line":28},"5":{"name":"(anonymous_5)","decl":{"start":{"line":31,"column":36},"end":{"line":31,"column":37}},"loc":{"start":{"line":31,"column":45},"end":{"line":34,"column":1}},"line":31},"6":{"name":"(anonymous_6)","decl":{"start":{"line":35,"column":36},"end":{"line":35,"column":37}},"loc":{"start":{"line":35,"column":46},"end":{"line":38,"column":1}},"line":35}},"branchMap":{},"s":{"0":2,"1":2,"2":2,"3":0,"4":0,"5":0,"6":0,"7":0,"8":0,"9":0,"10":2,"11":0,"12":2,"13":0,"14":2,"15":0},"f":{"0":0,"1":0,"2":0,"3":0,"4":0,"5":0,"6":0},"b":{},"_coverageSchema":"43e27e138ebf9cfc5966b082cf9a028302ed4184","hash":"eff842fc52ec6dce81289d3d74f36b2f293af73c"}
,"/Users/jorge/Documents/lacueva/cotemar/cotizame-native/app/actions/OrderIdActions.js": {"path":"/Users/jorge/Documents/lacueva/cotemar/cotizame-native/app/actions/OrderIdActions.js","statementMap":{"0":{"start":{"line":3,"column":34},"end":{"line":3,"column":54}},"1":{"start":{"line":4,"column":36},"end":{"line":4,"column":58}},"2":{"start":{"line":5,"column":36},"end":{"line":5,"column":58}},"3":{"start":{"line":6,"column":34},"end":{"line":6,"column":54}},"4":{"start":{"line":10,"column":1},"end":{"line":23,"column":3}},"5":{"start":{"line":11,"column":20},"end":{"line":11,"column":46}},"6":{"start":{"line":12,"column":2},"end":{"line":12,"column":30}},"7":{"start":{"line":13,"column":2},"end":{"line":22,"column":4}},"8":{"start":{"line":16,"column":5},"end":{"line":16,"column":54}},"9":{"start":{"line":19,"column":5},"end":{"line":19,"column":40}},"10":{"start":{"line":20,"column":5},"end":{"line":20,"column":28}},"11":{"start":{"line":27,"column":31},"end":{"line":29,"column":2}},"12":{"start":{"line":27,"column":38},"end":{"line":29,"column":1}},"13":{"start":{"line":30,"column":33},"end":{"line":34,"column":2}},"14":{"start":{"line":30,"column":56},"end":{"line":34,"column":1}},"15":{"start":{"line":35,"column":33},"end":{"line":38,"column":2}},"16":{"start":{"line":35,"column":43},"end":{"line":38,"column":1}},"17":{"start":{"line":39,"column":31},"end":{"line":41,"column":2}},"18":{"start":{"line":39,"column":38},"end":{"line":41,"column":1}}},"fnMap":{"0":{"name":"getOrderId","decl":{"start":{"line":9,"column":16},"end":{"line":9,"column":26}},"loc":{"start":{"line":9,"column":31},"end":{"line":24,"column":1}},"line":9},"1":{"name":"(anonymous_1)","decl":{"start":{"line":10,"column":8},"end":{"line":10,"column":9}},"loc":{"start":{"line":10,"column":38},"end":{"line":23,"column":2}},"line":10},"2":{"name":"(anonymous_2)","decl":{"start":{"line":15,"column":4},"end":{"line":15,"column":5}},"loc":{"start":{"line":15,"column":14},"end":{"line":17,"column":5}},"line":15},"3":{"name":"(anonymous_3)","decl":{"start":{"line":18,"column":4},"end":{"line":18,"column":5}},"loc":{"start":{"line":18,"column":13},"end":{"line":21,"column":5}},"line":18},"4":{"name":"(anonymous_4)","decl":{"start":{"line":27,"column":31},"end":{"line":27,"column":32}},"loc":{"start":{"line":27,"column":38},"end":{"line":29,"column":1}},"line":27},"5":{"name":"(anonymous_5)","decl":{"start":{"line":30,"column":33},"end":{"line":30,"column":34}},"loc":{"start":{"line":30,"column":56},"end":{"line":34,"column":1}},"line":30},"6":{"name":"(anonymous_6)","decl":{"start":{"line":35,"column":33},"end":{"line":35,"column":34}},"loc":{"start":{"line":35,"column":43},"end":{"line":38,"column":1}},"line":35},"7":{"name":"(anonymous_7)","decl":{"start":{"line":39,"column":31},"end":{"line":39,"column":32}},"loc":{"start":{"line":39,"column":38},"end":{"line":41,"column":1}},"line":39}},"branchMap":{},"s":{"0":2,"1":2,"2":2,"3":2,"4":0,"5":0,"6":0,"7":0,"8":0,"9":0,"10":0,"11":2,"12":0,"13":2,"14":0,"15":2,"16":0,"17":2,"18":0},"f":{"0":0,"1":0,"2":0,"3":0,"4":0,"5":0,"6":0,"7":0},"b":{},"_coverageSchema":"43e27e138ebf9cfc5966b082cf9a028302ed4184","hash":"923a8ad22aaafe31bd381e8578c890f767499752"}
,"/Users/jorge/Documents/lacueva/cotemar/cotizame-native/app/actions/OrdersActions.js": {"path":"/Users/jorge/Documents/lacueva/cotemar/cotizame-native/app/actions/OrdersActions.js","statementMap":{"0":{"start":{"line":6,"column":33},"end":{"line":6,"column":53}},"1":{"start":{"line":7,"column":35},"end":{"line":7,"column":57}},"2":{"start":{"line":8,"column":35},"end":{"line":8,"column":57}},"3":{"start":{"line":9,"column":29},"end":{"line":9,"column":45}},"4":{"start":{"line":10,"column":27},"end":{"line":10,"column":41}},"5":{"start":{"line":11,"column":31},"end":{"line":11,"column":49}},"6":{"start":{"line":14,"column":1},"end":{"line":18,"column":2}},"7":{"start":{"line":15,"column":2},"end":{"line":15,"column":47}},"8":{"start":{"line":15,"column":40},"end":{"line":15,"column":47}},"9":{"start":{"line":16,"column":2},"end":{"line":16,"column":32}},"10":{"start":{"line":17,"column":2},"end":{"line":17,"column":28}},"11":{"start":{"line":22,"column":1},"end":{"line":37,"column":2}},"12":{"start":{"line":23,"column":2},"end":{"line":23,"column":31}},"13":{"start":{"line":24,"column":23},"end":{"line":24,"column":58}},"14":{"start":{"line":25,"column":2},"end":{"line":36,"column":5}},"15":{"start":{"line":28,"column":22},"end":{"line":28,"column":54}},"16":{"start":{"line":29,"column":5},"end":{"line":29,"column":46}},"17":{"start":{"line":30,"column":5},"end":{"line":30,"column":23}},"18":{"start":{"line":33,"column":5},"end":{"line":33,"column":41}},"19":{"start":{"line":34,"column":5},"end":{"line":34,"column":55}},"20":{"start":{"line":41,"column":1},"end":{"line":58,"column":2}},"21":{"start":{"line":42,"column":2},"end":{"line":42,"column":30}},"22":{"start":{"line":43,"column":23},"end":{"line":43,"column":58}},"23":{"start":{"line":44,"column":2},"end":{"line":57,"column":5}},"24":{"start":{"line":47,"column":22},"end":{"line":47,"column":54}},"25":{"start":{"line":48,"column":5},"end":{"line":48,"column":29}},"26":{"start":{"line":49,"column":5},"end":{"line":49,"column":46}},"27":{"start":{"line":50,"column":5},"end":{"line":50,"column":31}},"28":{"start":{"line":51,"column":5},"end":{"line":51,"column":23}},"29":{"start":{"line":54,"column":5},"end":{"line":54,"column":41}},"30":{"start":{"line":55,"column":5},"end":{"line":55,"column":55}},"31":{"start":{"line":61,"column":29},"end":{"line":63,"column":2}},"32":{"start":{"line":61,"column":36},"end":{"line":63,"column":1}},"33":{"start":{"line":65,"column":31},"end":{"line":67,"column":2}},"34":{"start":{"line":65,"column":38},"end":{"line":67,"column":1}},"35":{"start":{"line":69,"column":27},"end":{"line":71,"column":2}},"36":{"start":{"line":69,"column":34},"end":{"line":71,"column":1}},"37":{"start":{"line":73,"column":32},"end":{"line":75,"column":2}},"38":{"start":{"line":73,"column":39},"end":{"line":75,"column":1}},"39":{"start":{"line":77,"column":34},"end":{"line":80,"column":2}},"40":{"start":{"line":77,"column":45},"end":{"line":80,"column":1}},"41":{"start":{"line":82,"column":34},"end":{"line":85,"column":2}},"42":{"start":{"line":82,"column":44},"end":{"line":85,"column":1}}},"fnMap":{"0":{"name":"fetchOrdersBatch","decl":{"start":{"line":13,"column":16},"end":{"line":13,"column":32}},"loc":{"start":{"line":13,"column":35},"end":{"line":19,"column":1}},"line":13},"1":{"name":"(anonymous_1)","decl":{"start":{"line":14,"column":8},"end":{"line":14,"column":9}},"loc":{"start":{"line":14,"column":38},"end":{"line":18,"column":2}},"line":14},"2":{"name":"fetchOrders","decl":{"start":{"line":21,"column":16},"end":{"line":21,"column":27}},"loc":{"start":{"line":21,"column":30},"end":{"line":38,"column":1}},"line":21},"3":{"name":"(anonymous_3)","decl":{"start":{"line":22,"column":8},"end":{"line":22,"column":9}},"loc":{"start":{"line":22,"column":38},"end":{"line":37,"column":2}},"line":22},"4":{"name":"(anonymous_4)","decl":{"start":{"line":27,"column":4},"end":{"line":27,"column":5}},"loc":{"start":{"line":27,"column":14},"end":{"line":31,"column":5}},"line":27},"5":{"name":"(anonymous_5)","decl":{"start":{"line":32,"column":4},"end":{"line":32,"column":5}},"loc":{"start":{"line":32,"column":13},"end":{"line":35,"column":5}},"line":32},"6":{"name":"reloadOrders","decl":{"start":{"line":40,"column":16},"end":{"line":40,"column":28}},"loc":{"start":{"line":40,"column":31},"end":{"line":59,"column":1}},"line":40},"7":{"name":"(anonymous_7)","decl":{"start":{"line":41,"column":8},"end":{"line":41,"column":9}},"loc":{"start":{"line":41,"column":38},"end":{"line":58,"column":2}},"line":41},"8":{"name":"(anonymous_8)","decl":{"start":{"line":46,"column":4},"end":{"line":46,"column":5}},"loc":{"start":{"line":46,"column":14},"end":{"line":52,"column":5}},"line":46},"9":{"name":"(anonymous_9)","decl":{"start":{"line":53,"column":4},"end":{"line":53,"column":5}},"loc":{"start":{"line":53,"column":13},"end":{"line":56,"column":5}},"line":53},"10":{"name":"(anonymous_10)","decl":{"start":{"line":61,"column":29},"end":{"line":61,"column":30}},"loc":{"start":{"line":61,"column":36},"end":{"line":63,"column":1}},"line":61},"11":{"name":"(anonymous_11)","decl":{"start":{"line":65,"column":31},"end":{"line":65,"column":32}},"loc":{"start":{"line":65,"column":38},"end":{"line":67,"column":1}},"line":65},"12":{"name":"(anonymous_12)","decl":{"start":{"line":69,"column":27},"end":{"line":69,"column":28}},"loc":{"start":{"line":69,"column":34},"end":{"line":71,"column":1}},"line":69},"13":{"name":"(anonymous_13)","decl":{"start":{"line":73,"column":32},"end":{"line":73,"column":33}},"loc":{"start":{"line":73,"column":39},"end":{"line":75,"column":1}},"line":73},"14":{"name":"(anonymous_14)","decl":{"start":{"line":77,"column":34},"end":{"line":77,"column":35}},"loc":{"start":{"line":77,"column":45},"end":{"line":80,"column":1}},"line":77},"15":{"name":"(anonymous_15)","decl":{"start":{"line":82,"column":34},"end":{"line":82,"column":35}},"loc":{"start":{"line":82,"column":44},"end":{"line":85,"column":1}},"line":82}},"branchMap":{"0":{"loc":{"start":{"line":15,"column":2},"end":{"line":15,"column":47}},"type":"if","locations":[{"start":{"line":15,"column":2},"end":{"line":15,"column":47}},{"start":{"line":15,"column":2},"end":{"line":15,"column":47}}],"line":15}},"s":{"0":2,"1":2,"2":2,"3":2,"4":2,"5":2,"6":0,"7":0,"8":0,"9":0,"10":0,"11":0,"12":0,"13":0,"14":0,"15":0,"16":0,"17":0,"18":0,"19":0,"20":0,"21":0,"22":0,"23":0,"24":0,"25":0,"26":0,"27":0,"28":0,"29":0,"30":0,"31":2,"32":0,"33":2,"34":0,"35":2,"36":0,"37":2,"38":0,"39":2,"40":0,"41":2,"42":0},"f":{"0":0,"1":0,"2":0,"3":0,"4":0,"5":0,"6":0,"7":0,"8":0,"9":0,"10":0,"11":0,"12":0,"13":0,"14":0,"15":0},"b":{"0":[0,0]},"_coverageSchema":"43e27e138ebf9cfc5966b082cf9a028302ed4184","hash":"f3994ce810f2d0bc8c89b24fd684f422e58011af"}
,"/Users/jorge/Documents/lacueva/cotemar/cotizame-native/app/actions/RatingActions.js": {"path":"/Users/jorge/Documents/lacueva/cotemar/cotizame-native/app/actions/RatingActions.js","statementMap":{"0":{"start":{"line":3,"column":32},"end":{"line":3,"column":50}},"1":{"start":{"line":4,"column":34},"end":{"line":4,"column":54}},"2":{"start":{"line":5,"column":34},"end":{"line":5,"column":54}},"3":{"start":{"line":9,"column":1},"end":{"line":21,"column":3}},"4":{"start":{"line":10,"column":2},"end":{"line":10,"column":29}},"5":{"start":{"line":11,"column":2},"end":{"line":20,"column":4}},"6":{"start":{"line":14,"column":5},"end":{"line":14,"column":40}},"7":{"start":{"line":17,"column":5},"end":{"line":17,"column":39}},"8":{"start":{"line":18,"column":5},"end":{"line":18,"column":28}},"9":{"start":{"line":25,"column":30},"end":{"line":27,"column":2}},"10":{"start":{"line":25,"column":37},"end":{"line":27,"column":1}},"11":{"start":{"line":28,"column":32},"end":{"line":31,"column":2}},"12":{"start":{"line":28,"column":41},"end":{"line":31,"column":1}},"13":{"start":{"line":32,"column":32},"end":{"line":35,"column":2}},"14":{"start":{"line":32,"column":42},"end":{"line":35,"column":1}}},"fnMap":{"0":{"name":"getRating","decl":{"start":{"line":8,"column":16},"end":{"line":8,"column":25}},"loc":{"start":{"line":8,"column":28},"end":{"line":22,"column":1}},"line":8},"1":{"name":"(anonymous_1)","decl":{"start":{"line":9,"column":8},"end":{"line":9,"column":9}},"loc":{"start":{"line":9,"column":26},"end":{"line":21,"column":2}},"line":9},"2":{"name":"(anonymous_2)","decl":{"start":{"line":13,"column":4},"end":{"line":13,"column":5}},"loc":{"start":{"line":13,"column":14},"end":{"line":15,"column":5}},"line":13},"3":{"name":"(anonymous_3)","decl":{"start":{"line":16,"column":4},"end":{"line":16,"column":5}},"loc":{"start":{"line":16,"column":13},"end":{"line":19,"column":5}},"line":16},"4":{"name":"(anonymous_4)","decl":{"start":{"line":25,"column":30},"end":{"line":25,"column":31}},"loc":{"start":{"line":25,"column":37},"end":{"line":27,"column":1}},"line":25},"5":{"name":"(anonymous_5)","decl":{"start":{"line":28,"column":32},"end":{"line":28,"column":33}},"loc":{"start":{"line":28,"column":41},"end":{"line":31,"column":1}},"line":28},"6":{"name":"(anonymous_6)","decl":{"start":{"line":32,"column":32},"end":{"line":32,"column":33}},"loc":{"start":{"line":32,"column":42},"end":{"line":35,"column":1}},"line":32}},"branchMap":{},"s":{"0":2,"1":2,"2":2,"3":0,"4":0,"5":0,"6":0,"7":0,"8":0,"9":2,"10":0,"11":2,"12":0,"13":2,"14":0},"f":{"0":0,"1":0,"2":0,"3":0,"4":0,"5":0,"6":0},"b":{},"_coverageSchema":"43e27e138ebf9cfc5966b082cf9a028302ed4184","hash":"4a8f11ca8fd3101544f6867f9fea9e1c1341d23c"}
,"/Users/jorge/Documents/lacueva/cotemar/cotizame-native/app/actions/RequisitionIdActions.js": {"path":"/Users/jorge/Documents/lacueva/cotemar/cotizame-native/app/actions/RequisitionIdActions.js","statementMap":{"0":{"start":{"line":3,"column":40},"end":{"line":3,"column":66}},"1":{"start":{"line":4,"column":42},"end":{"line":4,"column":70}},"2":{"start":{"line":5,"column":42},"end":{"line":5,"column":70}},"3":{"start":{"line":9,"column":1},"end":{"line":21,"column":3}},"4":{"start":{"line":10,"column":2},"end":{"line":10,"column":36}},"5":{"start":{"line":11,"column":2},"end":{"line":20,"column":4}},"6":{"start":{"line":14,"column":5},"end":{"line":14,"column":47}},"7":{"start":{"line":17,"column":5},"end":{"line":17,"column":46}},"8":{"start":{"line":18,"column":5},"end":{"line":18,"column":28}},"9":{"start":{"line":25,"column":37},"end":{"line":27,"column":2}},"10":{"start":{"line":25,"column":44},"end":{"line":27,"column":1}},"11":{"start":{"line":28,"column":39},"end":{"line":31,"column":2}},"12":{"start":{"line":28,"column":48},"end":{"line":31,"column":1}},"13":{"start":{"line":32,"column":39},"end":{"line":35,"column":2}},"14":{"start":{"line":32,"column":49},"end":{"line":35,"column":1}}},"fnMap":{"0":{"name":"getRequisitionId","decl":{"start":{"line":8,"column":16},"end":{"line":8,"column":32}},"loc":{"start":{"line":8,"column":37},"end":{"line":22,"column":1}},"line":8},"1":{"name":"(anonymous_1)","decl":{"start":{"line":9,"column":8},"end":{"line":9,"column":9}},"loc":{"start":{"line":9,"column":26},"end":{"line":21,"column":2}},"line":9},"2":{"name":"(anonymous_2)","decl":{"start":{"line":13,"column":4},"end":{"line":13,"column":5}},"loc":{"start":{"line":13,"column":14},"end":{"line":15,"column":5}},"line":13},"3":{"name":"(anonymous_3)","decl":{"start":{"line":16,"column":4},"end":{"line":16,"column":5}},"loc":{"start":{"line":16,"column":13},"end":{"line":19,"column":5}},"line":16},"4":{"name":"(anonymous_4)","decl":{"start":{"line":25,"column":37},"end":{"line":25,"column":38}},"loc":{"start":{"line":25,"column":44},"end":{"line":27,"column":1}},"line":25},"5":{"name":"(anonymous_5)","decl":{"start":{"line":28,"column":39},"end":{"line":28,"column":40}},"loc":{"start":{"line":28,"column":48},"end":{"line":31,"column":1}},"line":28},"6":{"name":"(anonymous_6)","decl":{"start":{"line":32,"column":39},"end":{"line":32,"column":40}},"loc":{"start":{"line":32,"column":49},"end":{"line":35,"column":1}},"line":32}},"branchMap":{},"s":{"0":2,"1":2,"2":2,"3":0,"4":0,"5":0,"6":0,"7":0,"8":0,"9":2,"10":0,"11":2,"12":0,"13":2,"14":0},"f":{"0":0,"1":0,"2":0,"3":0,"4":0,"5":0,"6":0},"b":{},"_coverageSchema":"43e27e138ebf9cfc5966b082cf9a028302ed4184","hash":"2eb44116304db7487155897623b72a0fb399141c"}
,"/Users/jorge/Documents/lacueva/cotemar/cotizame-native/app/actions/RequisitionQuotationActions.js": {"path":"/Users/jorge/Documents/lacueva/cotemar/cotizame-native/app/actions/RequisitionQuotationActions.js","statementMap":{"0":{"start":{"line":3,"column":47},"end":{"line":3,"column":80}},"1":{"start":{"line":4,"column":49},"end":{"line":4,"column":84}},"2":{"start":{"line":5,"column":49},"end":{"line":5,"column":84}},"3":{"start":{"line":9,"column":1},"end":{"line":21,"column":3}},"4":{"start":{"line":10,"column":2},"end":{"line":10,"column":43}},"5":{"start":{"line":11,"column":2},"end":{"line":20,"column":4}},"6":{"start":{"line":14,"column":5},"end":{"line":14,"column":54}},"7":{"start":{"line":17,"column":5},"end":{"line":17,"column":53}},"8":{"start":{"line":18,"column":5},"end":{"line":18,"column":28}},"9":{"start":{"line":25,"column":44},"end":{"line":27,"column":2}},"10":{"start":{"line":25,"column":51},"end":{"line":27,"column":1}},"11":{"start":{"line":28,"column":46},"end":{"line":31,"column":2}},"12":{"start":{"line":28,"column":55},"end":{"line":31,"column":1}},"13":{"start":{"line":32,"column":46},"end":{"line":35,"column":2}},"14":{"start":{"line":32,"column":56},"end":{"line":35,"column":1}}},"fnMap":{"0":{"name":"getRequisitionQuotation","decl":{"start":{"line":8,"column":16},"end":{"line":8,"column":39}},"loc":{"start":{"line":8,"column":55},"end":{"line":22,"column":1}},"line":8},"1":{"name":"(anonymous_1)","decl":{"start":{"line":9,"column":8},"end":{"line":9,"column":9}},"loc":{"start":{"line":9,"column":26},"end":{"line":21,"column":2}},"line":9},"2":{"name":"(anonymous_2)","decl":{"start":{"line":13,"column":4},"end":{"line":13,"column":5}},"loc":{"start":{"line":13,"column":14},"end":{"line":15,"column":5}},"line":13},"3":{"name":"(anonymous_3)","decl":{"start":{"line":16,"column":4},"end":{"line":16,"column":5}},"loc":{"start":{"line":16,"column":13},"end":{"line":19,"column":5}},"line":16},"4":{"name":"(anonymous_4)","decl":{"start":{"line":25,"column":44},"end":{"line":25,"column":45}},"loc":{"start":{"line":25,"column":51},"end":{"line":27,"column":1}},"line":25},"5":{"name":"(anonymous_5)","decl":{"start":{"line":28,"column":46},"end":{"line":28,"column":47}},"loc":{"start":{"line":28,"column":55},"end":{"line":31,"column":1}},"line":28},"6":{"name":"(anonymous_6)","decl":{"start":{"line":32,"column":46},"end":{"line":32,"column":47}},"loc":{"start":{"line":32,"column":56},"end":{"line":35,"column":1}},"line":32}},"branchMap":{},"s":{"0":2,"1":2,"2":2,"3":0,"4":0,"5":0,"6":0,"7":0,"8":0,"9":2,"10":0,"11":2,"12":0,"13":2,"14":0},"f":{"0":0,"1":0,"2":0,"3":0,"4":0,"5":0,"6":0},"b":{},"_coverageSchema":"43e27e138ebf9cfc5966b082cf9a028302ed4184","hash":"7eb2ea47a01343480fcad6047fef9f89af9c2585"}
,"/Users/jorge/Documents/lacueva/cotemar/cotizame-native/app/actions/RequisitionsActions.js": {"path":"/Users/jorge/Documents/lacueva/cotemar/cotizame-native/app/actions/RequisitionsActions.js","statementMap":{"0":{"start":{"line":6,"column":39},"end":{"line":6,"column":65}},"1":{"start":{"line":7,"column":41},"end":{"line":7,"column":69}},"2":{"start":{"line":8,"column":41},"end":{"line":8,"column":69}},"3":{"start":{"line":9,"column":29},"end":{"line":9,"column":45}},"4":{"start":{"line":10,"column":33},"end":{"line":10,"column":53}},"5":{"start":{"line":11,"column":31},"end":{"line":11,"column":49}},"6":{"start":{"line":14,"column":1},"end":{"line":18,"column":2}},"7":{"start":{"line":15,"column":2},"end":{"line":15,"column":53}},"8":{"start":{"line":15,"column":46},"end":{"line":15,"column":53}},"9":{"start":{"line":16,"column":2},"end":{"line":16,"column":38}},"10":{"start":{"line":17,"column":2},"end":{"line":17,"column":28}},"11":{"start":{"line":22,"column":1},"end":{"line":37,"column":2}},"12":{"start":{"line":23,"column":2},"end":{"line":23,"column":37}},"13":{"start":{"line":24,"column":23},"end":{"line":24,"column":64}},"14":{"start":{"line":25,"column":2},"end":{"line":36,"column":5}},"15":{"start":{"line":28,"column":22},"end":{"line":28,"column":55}},"16":{"start":{"line":29,"column":5},"end":{"line":29,"column":52}},"17":{"start":{"line":30,"column":5},"end":{"line":30,"column":23}},"18":{"start":{"line":33,"column":5},"end":{"line":33,"column":47}},"19":{"start":{"line":34,"column":5},"end":{"line":34,"column":61}},"20":{"start":{"line":41,"column":1},"end":{"line":58,"column":2}},"21":{"start":{"line":42,"column":2},"end":{"line":42,"column":30}},"22":{"start":{"line":43,"column":23},"end":{"line":43,"column":64}},"23":{"start":{"line":44,"column":2},"end":{"line":57,"column":5}},"24":{"start":{"line":47,"column":22},"end":{"line":47,"column":55}},"25":{"start":{"line":48,"column":5},"end":{"line":48,"column":35}},"26":{"start":{"line":49,"column":5},"end":{"line":49,"column":52}},"27":{"start":{"line":50,"column":5},"end":{"line":50,"column":31}},"28":{"start":{"line":51,"column":5},"end":{"line":51,"column":23}},"29":{"start":{"line":54,"column":5},"end":{"line":54,"column":47}},"30":{"start":{"line":55,"column":5},"end":{"line":55,"column":61}},"31":{"start":{"line":61,"column":29},"end":{"line":63,"column":2}},"32":{"start":{"line":61,"column":36},"end":{"line":63,"column":1}},"33":{"start":{"line":65,"column":31},"end":{"line":67,"column":2}},"34":{"start":{"line":65,"column":38},"end":{"line":67,"column":1}},"35":{"start":{"line":69,"column":33},"end":{"line":71,"column":2}},"36":{"start":{"line":69,"column":40},"end":{"line":71,"column":1}},"37":{"start":{"line":73,"column":38},"end":{"line":75,"column":2}},"38":{"start":{"line":73,"column":45},"end":{"line":75,"column":1}},"39":{"start":{"line":77,"column":40},"end":{"line":80,"column":2}},"40":{"start":{"line":77,"column":57},"end":{"line":80,"column":1}},"41":{"start":{"line":82,"column":40},"end":{"line":85,"column":2}},"42":{"start":{"line":82,"column":50},"end":{"line":85,"column":1}}},"fnMap":{"0":{"name":"fetchRequisitionsBatch","decl":{"start":{"line":13,"column":16},"end":{"line":13,"column":38}},"loc":{"start":{"line":13,"column":41},"end":{"line":19,"column":1}},"line":13},"1":{"name":"(anonymous_1)","decl":{"start":{"line":14,"column":8},"end":{"line":14,"column":9}},"loc":{"start":{"line":14,"column":38},"end":{"line":18,"column":2}},"line":14},"2":{"name":"fetchRequisitions","decl":{"start":{"line":21,"column":16},"end":{"line":21,"column":33}},"loc":{"start":{"line":21,"column":36},"end":{"line":38,"column":1}},"line":21},"3":{"name":"(anonymous_3)","decl":{"start":{"line":22,"column":8},"end":{"line":22,"column":9}},"loc":{"start":{"line":22,"column":38},"end":{"line":37,"column":2}},"line":22},"4":{"name":"(anonymous_4)","decl":{"start":{"line":27,"column":4},"end":{"line":27,"column":5}},"loc":{"start":{"line":27,"column":14},"end":{"line":31,"column":5}},"line":27},"5":{"name":"(anonymous_5)","decl":{"start":{"line":32,"column":4},"end":{"line":32,"column":5}},"loc":{"start":{"line":32,"column":13},"end":{"line":35,"column":5}},"line":32},"6":{"name":"reloadRequisitions","decl":{"start":{"line":40,"column":16},"end":{"line":40,"column":34}},"loc":{"start":{"line":40,"column":37},"end":{"line":59,"column":1}},"line":40},"7":{"name":"(anonymous_7)","decl":{"start":{"line":41,"column":8},"end":{"line":41,"column":9}},"loc":{"start":{"line":41,"column":38},"end":{"line":58,"column":2}},"line":41},"8":{"name":"(anonymous_8)","decl":{"start":{"line":46,"column":4},"end":{"line":46,"column":5}},"loc":{"start":{"line":46,"column":14},"end":{"line":52,"column":5}},"line":46},"9":{"name":"(anonymous_9)","decl":{"start":{"line":53,"column":4},"end":{"line":53,"column":5}},"loc":{"start":{"line":53,"column":13},"end":{"line":56,"column":5}},"line":53},"10":{"name":"(anonymous_10)","decl":{"start":{"line":61,"column":29},"end":{"line":61,"column":30}},"loc":{"start":{"line":61,"column":36},"end":{"line":63,"column":1}},"line":61},"11":{"name":"(anonymous_11)","decl":{"start":{"line":65,"column":31},"end":{"line":65,"column":32}},"loc":{"start":{"line":65,"column":38},"end":{"line":67,"column":1}},"line":65},"12":{"name":"(anonymous_12)","decl":{"start":{"line":69,"column":33},"end":{"line":69,"column":34}},"loc":{"start":{"line":69,"column":40},"end":{"line":71,"column":1}},"line":69},"13":{"name":"(anonymous_13)","decl":{"start":{"line":73,"column":38},"end":{"line":73,"column":39}},"loc":{"start":{"line":73,"column":45},"end":{"line":75,"column":1}},"line":73},"14":{"name":"(anonymous_14)","decl":{"start":{"line":77,"column":40},"end":{"line":77,"column":41}},"loc":{"start":{"line":77,"column":57},"end":{"line":80,"column":1}},"line":77},"15":{"name":"(anonymous_15)","decl":{"start":{"line":82,"column":40},"end":{"line":82,"column":41}},"loc":{"start":{"line":82,"column":50},"end":{"line":85,"column":1}},"line":82}},"branchMap":{"0":{"loc":{"start":{"line":15,"column":2},"end":{"line":15,"column":53}},"type":"if","locations":[{"start":{"line":15,"column":2},"end":{"line":15,"column":53}},{"start":{"line":15,"column":2},"end":{"line":15,"column":53}}],"line":15}},"s":{"0":2,"1":2,"2":2,"3":2,"4":2,"5":2,"6":0,"7":0,"8":0,"9":0,"10":0,"11":0,"12":0,"13":0,"14":0,"15":0,"16":0,"17":0,"18":0,"19":0,"20":0,"21":0,"22":0,"23":0,"24":0,"25":0,"26":0,"27":0,"28":0,"29":0,"30":0,"31":2,"32":0,"33":2,"34":0,"35":2,"36":0,"37":2,"38":0,"39":2,"40":0,"41":2,"42":0},"f":{"0":0,"1":0,"2":0,"3":0,"4":0,"5":0,"6":0,"7":0,"8":0,"9":0,"10":0,"11":0,"12":0,"13":0,"14":0,"15":0},"b":{"0":[0,0]},"_coverageSchema":"43e27e138ebf9cfc5966b082cf9a028302ed4184","hash":"cd19c0c95df56cfd86c5c4680670966408f44bc2"}
,"/Users/jorge/Documents/lacueva/cotemar/cotizame-native/app/actions/SummaryActions.js": {"path":"/Users/jorge/Documents/lacueva/cotemar/cotizame-native/app/actions/SummaryActions.js","statementMap":{"0":{"start":{"line":3,"column":33},"end":{"line":3,"column":52}},"1":{"start":{"line":4,"column":35},"end":{"line":4,"column":56}},"2":{"start":{"line":5,"column":35},"end":{"line":5,"column":56}},"3":{"start":{"line":6,"column":33},"end":{"line":6,"column":52}},"4":{"start":{"line":10,"column":1},"end":{"line":22,"column":3}},"5":{"start":{"line":11,"column":2},"end":{"line":11,"column":30}},"6":{"start":{"line":12,"column":2},"end":{"line":21,"column":4}},"7":{"start":{"line":15,"column":5},"end":{"line":15,"column":41}},"8":{"start":{"line":18,"column":5},"end":{"line":18,"column":40}},"9":{"start":{"line":19,"column":5},"end":{"line":19,"column":69}},"10":{"start":{"line":26,"column":31},"end":{"line":28,"column":2}},"11":{"start":{"line":26,"column":38},"end":{"line":28,"column":1}},"12":{"start":{"line":29,"column":33},"end":{"line":32,"column":2}},"13":{"start":{"line":29,"column":42},"end":{"line":32,"column":1}},"14":{"start":{"line":33,"column":33},"end":{"line":37,"column":2}},"15":{"start":{"line":33,"column":43},"end":{"line":37,"column":1}},"16":{"start":{"line":39,"column":31},"end":{"line":41,"column":2}},"17":{"start":{"line":39,"column":41},"end":{"line":41,"column":1}}},"fnMap":{"0":{"name":"getSummary","decl":{"start":{"line":9,"column":16},"end":{"line":9,"column":26}},"loc":{"start":{"line":9,"column":29},"end":{"line":23,"column":1}},"line":9},"1":{"name":"(anonymous_1)","decl":{"start":{"line":10,"column":8},"end":{"line":10,"column":9}},"loc":{"start":{"line":10,"column":26},"end":{"line":22,"column":2}},"line":10},"2":{"name":"(anonymous_2)","decl":{"start":{"line":14,"column":4},"end":{"line":14,"column":5}},"loc":{"start":{"line":14,"column":14},"end":{"line":16,"column":5}},"line":14},"3":{"name":"(anonymous_3)","decl":{"start":{"line":17,"column":4},"end":{"line":17,"column":5}},"loc":{"start":{"line":17,"column":13},"end":{"line":20,"column":5}},"line":17},"4":{"name":"(anonymous_4)","decl":{"start":{"line":26,"column":31},"end":{"line":26,"column":32}},"loc":{"start":{"line":26,"column":38},"end":{"line":28,"column":1}},"line":26},"5":{"name":"(anonymous_5)","decl":{"start":{"line":29,"column":33},"end":{"line":29,"column":34}},"loc":{"start":{"line":29,"column":42},"end":{"line":32,"column":1}},"line":29},"6":{"name":"(anonymous_6)","decl":{"start":{"line":33,"column":33},"end":{"line":33,"column":34}},"loc":{"start":{"line":33,"column":43},"end":{"line":37,"column":1}},"line":33},"7":{"name":"(anonymous_7)","decl":{"start":{"line":39,"column":31},"end":{"line":39,"column":32}},"loc":{"start":{"line":39,"column":41},"end":{"line":41,"column":1}},"line":39}},"branchMap":{},"s":{"0":2,"1":2,"2":2,"3":2,"4":0,"5":0,"6":0,"7":0,"8":0,"9":0,"10":2,"11":0,"12":2,"13":0,"14":2,"15":0,"16":2,"17":0},"f":{"0":0,"1":0,"2":0,"3":0,"4":0,"5":0,"6":0,"7":0},"b":{},"_coverageSchema":"43e27e138ebf9cfc5966b082cf9a028302ed4184","hash":"052d37b268cfef5e7615c9126c04d9dac658730a"}
,"/Users/jorge/Documents/lacueva/cotemar/cotizame-native/app/actions/TenderIdActions.js": {"path":"/Users/jorge/Documents/lacueva/cotemar/cotizame-native/app/actions/TenderIdActions.js","statementMap":{"0":{"start":{"line":3,"column":30},"end":{"line":3,"column":46}},"1":{"start":{"line":4,"column":32},"end":{"line":4,"column":50}},"2":{"start":{"line":5,"column":32},"end":{"line":5,"column":50}},"3":{"start":{"line":8,"column":1},"end":{"line":20,"column":3}},"4":{"start":{"line":9,"column":2},"end":{"line":9,"column":31}},"5":{"start":{"line":10,"column":2},"end":{"line":19,"column":4}},"6":{"start":{"line":13,"column":5},"end":{"line":13,"column":42}},"7":{"start":{"line":16,"column":5},"end":{"line":16,"column":41}},"8":{"start":{"line":17,"column":5},"end":{"line":17,"column":69}},"9":{"start":{"line":24,"column":32},"end":{"line":26,"column":2}},"10":{"start":{"line":24,"column":39},"end":{"line":26,"column":1}},"11":{"start":{"line":27,"column":34},"end":{"line":30,"column":2}},"12":{"start":{"line":27,"column":43},"end":{"line":30,"column":1}},"13":{"start":{"line":31,"column":34},"end":{"line":34,"column":2}},"14":{"start":{"line":31,"column":44},"end":{"line":34,"column":1}}},"fnMap":{"0":{"name":"getTenderId","decl":{"start":{"line":7,"column":16},"end":{"line":7,"column":27}},"loc":{"start":{"line":7,"column":32},"end":{"line":21,"column":1}},"line":7},"1":{"name":"(anonymous_1)","decl":{"start":{"line":8,"column":8},"end":{"line":8,"column":9}},"loc":{"start":{"line":8,"column":26},"end":{"line":20,"column":2}},"line":8},"2":{"name":"(anonymous_2)","decl":{"start":{"line":12,"column":4},"end":{"line":12,"column":5}},"loc":{"start":{"line":12,"column":14},"end":{"line":14,"column":5}},"line":12},"3":{"name":"(anonymous_3)","decl":{"start":{"line":15,"column":4},"end":{"line":15,"column":5}},"loc":{"start":{"line":15,"column":13},"end":{"line":18,"column":5}},"line":15},"4":{"name":"(anonymous_4)","decl":{"start":{"line":24,"column":32},"end":{"line":24,"column":33}},"loc":{"start":{"line":24,"column":39},"end":{"line":26,"column":1}},"line":24},"5":{"name":"(anonymous_5)","decl":{"start":{"line":27,"column":34},"end":{"line":27,"column":35}},"loc":{"start":{"line":27,"column":43},"end":{"line":30,"column":1}},"line":27},"6":{"name":"(anonymous_6)","decl":{"start":{"line":31,"column":34},"end":{"line":31,"column":35}},"loc":{"start":{"line":31,"column":44},"end":{"line":34,"column":1}},"line":31}},"branchMap":{},"s":{"0":2,"1":2,"2":2,"3":0,"4":0,"5":0,"6":0,"7":0,"8":0,"9":2,"10":0,"11":2,"12":0,"13":2,"14":0},"f":{"0":0,"1":0,"2":0,"3":0,"4":0,"5":0,"6":0},"b":{},"_coverageSchema":"43e27e138ebf9cfc5966b082cf9a028302ed4184","hash":"c7f5b7b01e09aa8d9bf246ff9dd50625c50688f6"}
,"/Users/jorge/Documents/lacueva/cotemar/cotizame-native/app/actions/TendersActions.js": {"path":"/Users/jorge/Documents/lacueva/cotemar/cotizame-native/app/actions/TendersActions.js","statementMap":{"0":{"start":{"line":6,"column":34},"end":{"line":6,"column":55}},"1":{"start":{"line":7,"column":36},"end":{"line":7,"column":59}},"2":{"start":{"line":8,"column":36},"end":{"line":8,"column":59}},"3":{"start":{"line":9,"column":29},"end":{"line":9,"column":45}},"4":{"start":{"line":10,"column":28},"end":{"line":10,"column":43}},"5":{"start":{"line":11,"column":31},"end":{"line":11,"column":49}},"6":{"start":{"line":14,"column":1},"end":{"line":18,"column":2}},"7":{"start":{"line":15,"column":2},"end":{"line":15,"column":48}},"8":{"start":{"line":15,"column":41},"end":{"line":15,"column":48}},"9":{"start":{"line":16,"column":2},"end":{"line":16,"column":33}},"10":{"start":{"line":17,"column":2},"end":{"line":17,"column":28}},"11":{"start":{"line":22,"column":1},"end":{"line":37,"column":2}},"12":{"start":{"line":23,"column":2},"end":{"line":23,"column":32}},"13":{"start":{"line":24,"column":23},"end":{"line":24,"column":59}},"14":{"start":{"line":25,"column":2},"end":{"line":36,"column":5}},"15":{"start":{"line":28,"column":22},"end":{"line":28,"column":55}},"16":{"start":{"line":29,"column":5},"end":{"line":29,"column":47}},"17":{"start":{"line":30,"column":5},"end":{"line":30,"column":23}},"18":{"start":{"line":33,"column":5},"end":{"line":33,"column":42}},"19":{"start":{"line":34,"column":5},"end":{"line":34,"column":56}},"20":{"start":{"line":41,"column":1},"end":{"line":58,"column":2}},"21":{"start":{"line":42,"column":2},"end":{"line":42,"column":30}},"22":{"start":{"line":43,"column":23},"end":{"line":43,"column":59}},"23":{"start":{"line":44,"column":2},"end":{"line":57,"column":5}},"24":{"start":{"line":47,"column":22},"end":{"line":47,"column":55}},"25":{"start":{"line":48,"column":5},"end":{"line":48,"column":30}},"26":{"start":{"line":49,"column":5},"end":{"line":49,"column":47}},"27":{"start":{"line":50,"column":5},"end":{"line":50,"column":31}},"28":{"start":{"line":51,"column":5},"end":{"line":51,"column":23}},"29":{"start":{"line":54,"column":5},"end":{"line":54,"column":42}},"30":{"start":{"line":55,"column":5},"end":{"line":55,"column":56}},"31":{"start":{"line":61,"column":29},"end":{"line":63,"column":2}},"32":{"start":{"line":61,"column":36},"end":{"line":63,"column":1}},"33":{"start":{"line":65,"column":31},"end":{"line":67,"column":2}},"34":{"start":{"line":65,"column":38},"end":{"line":67,"column":1}},"35":{"start":{"line":69,"column":28},"end":{"line":71,"column":2}},"36":{"start":{"line":69,"column":35},"end":{"line":71,"column":1}},"37":{"start":{"line":73,"column":33},"end":{"line":75,"column":2}},"38":{"start":{"line":73,"column":40},"end":{"line":75,"column":1}},"39":{"start":{"line":77,"column":35},"end":{"line":80,"column":2}},"40":{"start":{"line":77,"column":47},"end":{"line":80,"column":1}},"41":{"start":{"line":82,"column":35},"end":{"line":85,"column":2}},"42":{"start":{"line":82,"column":45},"end":{"line":85,"column":1}}},"fnMap":{"0":{"name":"fetchTendersBatch","decl":{"start":{"line":13,"column":16},"end":{"line":13,"column":33}},"loc":{"start":{"line":13,"column":36},"end":{"line":19,"column":1}},"line":13},"1":{"name":"(anonymous_1)","decl":{"start":{"line":14,"column":8},"end":{"line":14,"column":9}},"loc":{"start":{"line":14,"column":38},"end":{"line":18,"column":2}},"line":14},"2":{"name":"fetchTenders","decl":{"start":{"line":21,"column":16},"end":{"line":21,"column":28}},"loc":{"start":{"line":21,"column":31},"end":{"line":38,"column":1}},"line":21},"3":{"name":"(anonymous_3)","decl":{"start":{"line":22,"column":8},"end":{"line":22,"column":9}},"loc":{"start":{"line":22,"column":38},"end":{"line":37,"column":2}},"line":22},"4":{"name":"(anonymous_4)","decl":{"start":{"line":27,"column":4},"end":{"line":27,"column":5}},"loc":{"start":{"line":27,"column":14},"end":{"line":31,"column":5}},"line":27},"5":{"name":"(anonymous_5)","decl":{"start":{"line":32,"column":4},"end":{"line":32,"column":5}},"loc":{"start":{"line":32,"column":13},"end":{"line":35,"column":5}},"line":32},"6":{"name":"reloadTenders","decl":{"start":{"line":40,"column":16},"end":{"line":40,"column":29}},"loc":{"start":{"line":40,"column":32},"end":{"line":59,"column":1}},"line":40},"7":{"name":"(anonymous_7)","decl":{"start":{"line":41,"column":8},"end":{"line":41,"column":9}},"loc":{"start":{"line":41,"column":38},"end":{"line":58,"column":2}},"line":41},"8":{"name":"(anonymous_8)","decl":{"start":{"line":46,"column":4},"end":{"line":46,"column":5}},"loc":{"start":{"line":46,"column":14},"end":{"line":52,"column":5}},"line":46},"9":{"name":"(anonymous_9)","decl":{"start":{"line":53,"column":4},"end":{"line":53,"column":5}},"loc":{"start":{"line":53,"column":13},"end":{"line":56,"column":5}},"line":53},"10":{"name":"(anonymous_10)","decl":{"start":{"line":61,"column":29},"end":{"line":61,"column":30}},"loc":{"start":{"line":61,"column":36},"end":{"line":63,"column":1}},"line":61},"11":{"name":"(anonymous_11)","decl":{"start":{"line":65,"column":31},"end":{"line":65,"column":32}},"loc":{"start":{"line":65,"column":38},"end":{"line":67,"column":1}},"line":65},"12":{"name":"(anonymous_12)","decl":{"start":{"line":69,"column":28},"end":{"line":69,"column":29}},"loc":{"start":{"line":69,"column":35},"end":{"line":71,"column":1}},"line":69},"13":{"name":"(anonymous_13)","decl":{"start":{"line":73,"column":33},"end":{"line":73,"column":34}},"loc":{"start":{"line":73,"column":40},"end":{"line":75,"column":1}},"line":73},"14":{"name":"(anonymous_14)","decl":{"start":{"line":77,"column":35},"end":{"line":77,"column":36}},"loc":{"start":{"line":77,"column":47},"end":{"line":80,"column":1}},"line":77},"15":{"name":"(anonymous_15)","decl":{"start":{"line":82,"column":35},"end":{"line":82,"column":36}},"loc":{"start":{"line":82,"column":45},"end":{"line":85,"column":1}},"line":82}},"branchMap":{"0":{"loc":{"start":{"line":15,"column":2},"end":{"line":15,"column":48}},"type":"if","locations":[{"start":{"line":15,"column":2},"end":{"line":15,"column":48}},{"start":{"line":15,"column":2},"end":{"line":15,"column":48}}],"line":15}},"s":{"0":2,"1":2,"2":2,"3":2,"4":2,"5":2,"6":0,"7":0,"8":0,"9":0,"10":0,"11":0,"12":0,"13":0,"14":0,"15":0,"16":0,"17":0,"18":0,"19":0,"20":0,"21":0,"22":0,"23":0,"24":0,"25":0,"26":0,"27":0,"28":0,"29":0,"30":0,"31":2,"32":0,"33":2,"34":0,"35":2,"36":0,"37":2,"38":0,"39":2,"40":0,"41":2,"42":0},"f":{"0":0,"1":0,"2":0,"3":0,"4":0,"5":0,"6":0,"7":0,"8":0,"9":0,"10":0,"11":0,"12":0,"13":0,"14":0,"15":0},"b":{"0":[0,0]},"_coverageSchema":"43e27e138ebf9cfc5966b082cf9a028302ed4184","hash":"ed4a12223bd2698ccb3e1be1870be7f7c15a50d8"}
,"/Users/jorge/Documents/lacueva/cotemar/cotizame-native/app/components/BodyText/BodyText.js": {"path":"/Users/jorge/Documents/lacueva/cotemar/cotizame-native/app/components/BodyText/BodyText.js","statementMap":{"0":{"start":{"line":14,"column":20},"end":{"line":14,"column":99}},"1":{"start":{"line":15,"column":17},"end":{"line":15,"column":122}},"2":{"start":{"line":16,"column":17},"end":{"line":16,"column":65}},"3":{"start":{"line":18,"column":2},"end":{"line":24,"column":4}},"4":{"start":{"line":28,"column":0},"end":{"line":30,"column":1}},"5":{"start":{"line":32,"column":0},"end":{"line":34,"column":1}}},"fnMap":{"0":{"name":"(anonymous_0)","decl":{"start":{"line":13,"column":1},"end":{"line":13,"column":2}},"loc":{"start":{"line":13,"column":10},"end":{"line":25,"column":2}},"line":13}},"branchMap":{"0":{"loc":{"start":{"line":14,"column":20},"end":{"line":14,"column":99}},"type":"cond-expr","locations":[{"start":{"line":14,"column":39},"end":{"line":14,"column":74}},{"start":{"line":14,"column":76},"end":{"line":14,"column":99}}],"line":14},"1":{"loc":{"start":{"line":15,"column":17},"end":{"line":15,"column":122}},"type":"cond-expr","locations":[{"start":{"line":15,"column":37},"end":{"line":15,"column":84}},{"start":{"line":15,"column":86},"end":{"line":15,"column":122}}],"line":15},"2":{"loc":{"start":{"line":16,"column":17},"end":{"line":16,"column":65}},"type":"cond-expr","locations":[{"start":{"line":16,"column":37},"end":{"line":16,"column":60}},{"start":{"line":16,"column":63},"end":{"line":16,"column":65}}],"line":16}},"s":{"0":0,"1":0,"2":0,"3":0,"4":1,"5":1},"f":{"0":0},"b":{"0":[0,0],"1":[0,0],"2":[0,0]},"_coverageSchema":"43e27e138ebf9cfc5966b082cf9a028302ed4184","hash":"72028b0269e7442604985c85fcbf94a7dc367007"}
,"/Users/jorge/Documents/lacueva/cotemar/cotizame-native/app/components/BodyText/BodyTextStyle.js": {"path":"/Users/jorge/Documents/lacueva/cotemar/cotizame-native/app/components/BodyText/BodyTextStyle.js","statementMap":{},"fnMap":{},"branchMap":{},"s":{},"f":{},"b":{},"_coverageSchema":"43e27e138ebf9cfc5966b082cf9a028302ed4184","hash":"84d7b0fc82185f3cd35de13fa8ff3fd028fb5ed8"}
,"/Users/jorge/Documents/lacueva/cotemar/cotizame-native/app/components/BodyText/index.js": {"path":"/Users/jorge/Documents/lacueva/cotemar/cotizame-native/app/components/BodyText/index.js","statementMap":{},"fnMap":{},"branchMap":{},"s":{},"f":{},"b":{},"_coverageSchema":"43e27e138ebf9cfc5966b082cf9a028302ed4184","hash":"f8e260f628f6c83d38414de42968a830ef06db60"}
,"/Users/jorge/Documents/lacueva/cotemar/cotizame-native/app/components/ReqItem/ReqItem.js": {"path":"/Users/jorge/Documents/lacueva/cotemar/cotizame-native/app/components/ReqItem/ReqItem.js","statementMap":{"0":{"start":{"line":23,"column":17},"end":{"line":23,"column":35}},"1":{"start":{"line":24,"column":23},"end":{"line":24,"column":84}},"2":{"start":{"line":25,"column":2},"end":{"line":90,"column":4}},"3":{"start":{"line":93,"column":0},"end":{"line":102,"column":1}},"4":{"start":{"line":104,"column":0},"end":{"line":113,"column":1}}},"fnMap":{"0":{"name":"(anonymous_0)","decl":{"start":{"line":22,"column":1},"end":{"line":22,"column":2}},"loc":{"start":{"line":22,"column":9},"end":{"line":90,"column":5}},"line":22}},"branchMap":{"0":{"loc":{"start":{"line":27,"column":30},"end":{"line":27,"column":84}},"type":"binary-expr","locations":[{"start":{"line":27,"column":30},"end":{"line":27,"column":57}},{"start":{"line":27,"column":61},"end":{"line":27,"column":84}}],"line":27},"1":{"loc":{"start":{"line":28,"column":6},"end":{"line":31,"column":13}},"type":"binary-expr","locations":[{"start":{"line":28,"column":6},"end":{"line":28,"column":25}},{"start":{"line":29,"column":6},"end":{"line":31,"column":13}}],"line":28},"2":{"loc":{"start":{"line":46,"column":8},"end":{"line":51,"column":15}},"type":"binary-expr","locations":[{"start":{"line":46,"column":8},"end":{"line":46,"column":32}},{"start":{"line":47,"column":8},"end":{"line":51,"column":15}}],"line":46},"3":{"loc":{"start":{"line":72,"column":10},"end":{"line":82,"column":14}},"type":"cond-expr","locations":[{"start":{"line":73,"column":10},"end":{"line":76,"column":12}},{"start":{"line":78,"column":10},"end":{"line":82,"column":14}}],"line":72}},"s":{"0":1,"1":1,"2":1,"3":1,"4":1},"f":{"0":1},"b":{"0":[1,0],"1":[1,1],"2":[1,1],"3":[0,1]},"_coverageSchema":"43e27e138ebf9cfc5966b082cf9a028302ed4184","hash":"cb119e4dcd6e4bd76f899e5fdefe5ad711f28e03"}
,"/Users/jorge/Documents/lacueva/cotemar/cotizame-native/app/components/ReqItem/ReqItemStyle.js": {"path":"/Users/jorge/Documents/lacueva/cotemar/cotizame-native/app/components/ReqItem/ReqItemStyle.js","statementMap":{},"fnMap":{},"branchMap":{},"s":{},"f":{},"b":{},"_coverageSchema":"43e27e138ebf9cfc5966b082cf9a028302ed4184","hash":"cbd831cac213eb2f9628776b7db6b44046036968"}
,"/Users/jorge/Documents/lacueva/cotemar/cotizame-native/app/components/ReqItem/index.js": {"path":"/Users/jorge/Documents/lacueva/cotemar/cotizame-native/app/components/ReqItem/index.js","statementMap":{},"fnMap":{},"branchMap":{},"s":{},"f":{},"b":{},"_coverageSchema":"43e27e138ebf9cfc5966b082cf9a028302ed4184","hash":"97686428b5e761e77f5259beac32833c46408684"}
,"/Users/jorge/Documents/lacueva/cotemar/cotizame-native/app/components/SmallText/SmallText.js": {"path":"/Users/jorge/Documents/lacueva/cotemar/cotizame-native/app/components/SmallText/SmallText.js","statementMap":{"0":{"start":{"line":14,"column":20},"end":{"line":14,"column":99}},"1":{"start":{"line":15,"column":17},"end":{"line":15,"column":122}},"2":{"start":{"line":16,"column":17},"end":{"line":16,"column":65}},"3":{"start":{"line":18,"column":2},"end":{"line":24,"column":4}},"4":{"start":{"line":28,"column":0},"end":{"line":30,"column":1}},"5":{"start":{"line":32,"column":0},"end":{"line":34,"column":1}}},"fnMap":{"0":{"name":"(anonymous_0)","decl":{"start":{"line":13,"column":1},"end":{"line":13,"column":2}},"loc":{"start":{"line":13,"column":10},"end":{"line":25,"column":2}},"line":13}},"branchMap":{"0":{"loc":{"start":{"line":14,"column":20},"end":{"line":14,"column":99}},"type":"cond-expr","locations":[{"start":{"line":14,"column":39},"end":{"line":14,"column":74}},{"start":{"line":14,"column":76},"end":{"line":14,"column":99}}],"line":14},"1":{"loc":{"start":{"line":15,"column":17},"end":{"line":15,"column":122}},"type":"cond-expr","locations":[{"start":{"line":15,"column":37},"end":{"line":15,"column":84}},{"start":{"line":15,"column":86},"end":{"line":15,"column":122}}],"line":15},"2":{"loc":{"start":{"line":16,"column":17},"end":{"line":16,"column":65}},"type":"cond-expr","locations":[{"start":{"line":16,"column":37},"end":{"line":16,"column":60}},{"start":{"line":16,"column":63},"end":{"line":16,"column":65}}],"line":16}},"s":{"0":0,"1":0,"2":0,"3":0,"4":1,"5":1},"f":{"0":0},"b":{"0":[0,0],"1":[0,0],"2":[0,0]},"_coverageSchema":"43e27e138ebf9cfc5966b082cf9a028302ed4184","hash":"49480cc043109582840980b0e9c0bdc4bff18669"}
,"/Users/jorge/Documents/lacueva/cotemar/cotizame-native/app/components/SmallText/SmallTextStyle.js": {"path":"/Users/jorge/Documents/lacueva/cotemar/cotizame-native/app/components/SmallText/SmallTextStyle.js","statementMap":{},"fnMap":{},"branchMap":{},"s":{},"f":{},"b":{},"_coverageSchema":"43e27e138ebf9cfc5966b082cf9a028302ed4184","hash":"6d916547f415fe9768a12b77731623923f8cda9e"}
,"/Users/jorge/Documents/lacueva/cotemar/cotizame-native/app/components/SmallText/index.js": {"path":"/Users/jorge/Documents/lacueva/cotemar/cotizame-native/app/components/SmallText/index.js","statementMap":{},"fnMap":{},"branchMap":{},"s":{},"f":{},"b":{},"_coverageSchema":"43e27e138ebf9cfc5966b082cf9a028302ed4184","hash":"8ece6b0c718436424abf6dc29dbacad04cdcd63d"}
,"/Users/jorge/Documents/lacueva/cotemar/cotizame-native/app/locales/en/translations.js": {"path":"/Users/jorge/Documents/lacueva/cotemar/cotizame-native/app/locales/en/translations.js","statementMap":{},"fnMap":{},"branchMap":{},"s":{},"f":{},"b":{},"_coverageSchema":"43e27e138ebf9cfc5966b082cf9a028302ed4184","hash":"127a0c2f310f09c9e3adab7135f63b3c5462bcdf"}
,"/Users/jorge/Documents/lacueva/cotemar/cotizame-native/app/locales/es/translations.js": {"path":"/Users/jorge/Documents/lacueva/cotemar/cotizame-native/app/locales/es/translations.js","statementMap":{},"fnMap":{},"branchMap":{},"s":{},"f":{},"b":{},"_coverageSchema":"43e27e138ebf9cfc5966b082cf9a028302ed4184","hash":"f02789ad91bef5e0e72c47070708865e633ebd3b"}
,"/Users/jorge/Documents/lacueva/cotemar/cotizame-native/app/reducers/AlertsReducer.js": {"path":"/Users/jorge/Documents/lacueva/cotemar/cotizame-native/app/reducers/AlertsReducer.js","statementMap":{"0":{"start":{"line":10,"column":18},"end":{"line":10,"column":20}},"1":{"start":{"line":12,"column":21},"end":{"line":20,"column":1}},"2":{"start":{"line":23,"column":1},"end":{"line":66,"column":2}},"3":{"start":{"line":25,"column":3},"end":{"line":29,"column":4}},"4":{"start":{"line":31,"column":16},"end":{"line":31,"column":79}},"5":{"start":{"line":32,"column":14},"end":{"line":35,"column":4}},"6":{"start":{"line":36,"column":3},"end":{"line":42,"column":4}},"7":{"start":{"line":44,"column":3},"end":{"line":48,"column":4}},"8":{"start":{"line":50,"column":3},"end":{"line":53,"column":4}},"9":{"start":{"line":55,"column":3},"end":{"line":59,"column":4}},"10":{"start":{"line":61,"column":3},"end":{"line":63,"column":4}},"11":{"start":{"line":65,"column":3},"end":{"line":65,"column":15}},"12":{"start":{"line":69,"column":34},"end":{"line":71,"column":1}},"13":{"start":{"line":70,"column":1},"end":{"line":70,"column":24}},"14":{"start":{"line":73,"column":25},"end":{"line":75,"column":1}},"15":{"start":{"line":74,"column":1},"end":{"line":74,"column":47}},"16":{"start":{"line":74,"column":31},"end":{"line":74,"column":45}},"17":{"start":{"line":77,"column":39},"end":{"line":79,"column":1}},"18":{"start":{"line":78,"column":1},"end":{"line":78,"column":52}}},"fnMap":{"0":{"name":"AlertsReducer","decl":{"start":{"line":22,"column":24},"end":{"line":22,"column":37}},"loc":{"start":{"line":22,"column":68},"end":{"line":67,"column":1}},"line":22},"1":{"name":"(anonymous_1)","decl":{"start":{"line":69,"column":34},"end":{"line":69,"column":35}},"loc":{"start":{"line":69,"column":43},"end":{"line":71,"column":1}},"line":69},"2":{"name":"(anonymous_2)","decl":{"start":{"line":73,"column":25},"end":{"line":73,"column":26}},"loc":{"start":{"line":73,"column":34},"end":{"line":75,"column":1}},"line":73},"3":{"name":"(anonymous_3)","decl":{"start":{"line":74,"column":25},"end":{"line":74,"column":26}},"loc":{"start":{"line":74,"column":31},"end":{"line":74,"column":45}},"line":74},"4":{"name":"(anonymous_4)","decl":{"start":{"line":77,"column":39},"end":{"line":77,"column":40}},"loc":{"start":{"line":77,"column":48},"end":{"line":79,"column":1}},"line":77}},"branchMap":{"0":{"loc":{"start":{"line":22,"column":39},"end":{"line":22,"column":59}},"type":"default-arg","locations":[{"start":{"line":22,"column":47},"end":{"line":22,"column":59}}],"line":22},"1":{"loc":{"start":{"line":23,"column":1},"end":{"line":66,"column":2}},"type":"switch","locations":[{"start":{"line":24,"column":2},"end":{"line":29,"column":4}},{"start":{"line":30,"column":2},"end":{"line":42,"column":4}},{"start":{"line":43,"column":2},"end":{"line":48,"column":4}},{"start":{"line":49,"column":2},"end":{"line":53,"column":4}},{"start":{"line":54,"column":2},"end":{"line":59,"column":4}},{"start":{"line":60,"column":2},"end":{"line":63,"column":4}},{"start":{"line":64,"column":2},"end":{"line":65,"column":15}}],"line":23}},"s":{"0":2,"1":2,"2":10,"3":1,"4":2,"5":2,"6":2,"7":1,"8":1,"9":1,"10":1,"11":1,"12":2,"13":1,"14":2,"15":2,"16":3,"17":2,"18":1},"f":{"0":10,"1":1,"2":2,"3":3,"4":1},"b":{"0":[3],"1":[1,2,1,1,1,1,1]},"_coverageSchema":"43e27e138ebf9cfc5966b082cf9a028302ed4184","hash":"22bed304ca39fbec5edde551446e2b1981ed8e83"}
,"/Users/jorge/Documents/lacueva/cotemar/cotizame-native/app/reducers/CategoriesReducer.js": {"path":"/Users/jorge/Documents/lacueva/cotemar/cotizame-native/app/reducers/CategoriesReducer.js","statementMap":{"0":{"start":{"line":9,"column":21},"end":{"line":13,"column":1}},"1":{"start":{"line":17,"column":1},"end":{"line":37,"column":2}},"2":{"start":{"line":19,"column":3},"end":{"line":22,"column":4}},"3":{"start":{"line":24,"column":3},"end":{"line":28,"column":4}},"4":{"start":{"line":30,"column":3},"end":{"line":34,"column":4}},"5":{"start":{"line":36,"column":3},"end":{"line":36,"column":16}}},"fnMap":{"0":{"name":"CategoriesReducer","decl":{"start":{"line":16,"column":24},"end":{"line":16,"column":41}},"loc":{"start":{"line":16,"column":73},"end":{"line":38,"column":1}},"line":16}},"branchMap":{"0":{"loc":{"start":{"line":16,"column":43},"end":{"line":16,"column":63}},"type":"default-arg","locations":[{"start":{"line":16,"column":51},"end":{"line":16,"column":63}}],"line":16},"1":{"loc":{"start":{"line":17,"column":1},"end":{"line":37,"column":2}},"type":"switch","locations":[{"start":{"line":18,"column":2},"end":{"line":22,"column":4}},{"start":{"line":23,"column":2},"end":{"line":28,"column":4}},{"start":{"line":29,"column":2},"end":{"line":34,"column":4}},{"start":{"line":35,"column":2},"end":{"line":36,"column":16}}],"line":17}},"s":{"0":2,"1":0,"2":0,"3":0,"4":0,"5":0},"f":{"0":0},"b":{"0":[0],"1":[0,0,0,0]},"_coverageSchema":"43e27e138ebf9cfc5966b082cf9a028302ed4184","hash":"f8b24e3221e40e523d80e60ca5c1fe35a81185e1"}
[...]
n":18},"end":{"line":104,"column":55}},"33":{"start":{"line":105,"column":14},"end":{"line":105,"column":61}},"34":{"start":{"line":106,"column":2},"end":{"line":106,"column":48}},"35":{"start":{"line":110,"column":15},"end":{"line":112,"column":3}},"36":{"start":{"line":113,"column":17},"end":{"line":113,"column":22}},"37":{"start":{"line":114,"column":14},"end":{"line":114,"column":83}},"38":{"start":{"line":116,"column":2},"end":{"line":116,"column":49}},"39":{"start":{"line":120,"column":26},"end":{"line":120,"column":40}},"40":{"start":{"line":121,"column":2},"end":{"line":127,"column":5}},"41":{"start":{"line":128,"column":16},"end":{"line":128,"column":145}},"42":{"start":{"line":129,"column":4},"end":{"line":129,"column":50}},"43":{"start":{"line":133,"column":3},"end":{"line":135,"column":4}},"44":{"start":{"line":136,"column":15},"end":{"line":136,"column":57}},"45":{"start":{"line":137,"column":4},"end":{"line":137,"column":50}},"46":{"start":{"line":142,"column":26},"end":{"line":142,"column":40}},"47":{"start":{"line":143,"column":2},"end":{"line":148,"column":3}},"48":{"start":{"line":149,"column":18},"end":{"line":149,"column":61}},"49":{"start":{"line":150,"column":14},"end":{"line":150,"column":55}},"50":{"start":{"line":151,"column":2},"end":{"line":151,"column":48}},"51":{"start":{"line":155,"column":2},"end":{"line":159,"column":3}},"52":{"start":{"line":160,"column":14},"end":{"line":160,"column":60}},"53":{"start":{"line":161,"column":2},"end":{"line":161,"column":48}},"54":{"start":{"line":165,"column":14},"end":{"line":165,"column":56}},"55":{"start":{"line":166,"column":2},"end":{"line":166,"column":48}},"56":{"start":{"line":170,"column":14},"end":{"line":170,"column":53}},"57":{"start":{"line":171,"column":2},"end":{"line":171,"column":50}},"58":{"start":{"line":175,"column":14},"end":{"line":175,"column":77}},"59":{"start":{"line":176,"column":2},"end":{"line":176,"column":48}},"60":{"start":{"line":180,"column":15},"end":{"line":180,"column":17}},"61":{"start":{"line":181,"column":2},"end":{"line":183,"column":3}},"62":{"start":{"line":182,"column":3},"end":{"line":182,"column":45}},"63":{"start":{"line":184,"column":2},"end":{"line":184,"column":17}},"64":{"start":{"line":189,"column":14},"end":{"line":189,"column":44}},"65":{"start":{"line":190,"column":17},"end":{"line":190,"column":23}},"66":{"start":{"line":191,"column":15},"end":{"line":193,"column":3}},"67":{"start":{"line":194,"column":18},"end":{"line":196,"column":3}},"68":{"start":{"line":197,"column":2},"end":{"line":197,"column":54}},"69":{"start":{"line":201,"column":2},"end":{"line":201,"column":46}},"70":{"start":{"line":203,"column":18},"end":{"line":206,"column":3}},"71":{"start":{"line":208,"column":2},"end":{"line":210,"column":3}},"72":{"start":{"line":209,"column":3},"end":{"line":209,"column":39}},"73":{"start":{"line":212,"column":12},"end":{"line":212,"column":37}},"74":{"start":{"line":214,"column":13},"end":{"line":214,"column":29}},"75":{"start":{"line":215,"column":13},"end":{"line":215,"column":29}},"76":{"start":{"line":216,"column":2},"end":{"line":220,"column":3}},"77":{"start":{"line":217,"column":3},"end":{"line":217,"column":14}},"78":{"start":{"line":219,"column":3},"end":{"line":219,"column":15}},"79":{"start":{"line":224,"column":14},"end":{"line":224,"column":50}},"80":{"start":{"line":225,"column":2},"end":{"line":225,"column":28}},"81":{"start":{"line":226,"column":2},"end":{"line":229,"column":3}},"82":{"start":{"line":227,"column":3},"end":{"line":227,"column":54}},"83":{"start":{"line":228,"column":3},"end":{"line":228,"column":76}},"84":{"start":{"line":230,"column":20},"end":{"line":230,"column":37}},"85":{"start":{"line":231,"column":2},"end":{"line":232,"column":54}},"86":{"start":{"line":232,"column":3},"end":{"line":232,"column":54}},"87":{"start":{"line":233,"column":2},"end":{"line":243,"column":3}},"88":{"start":{"line":234,"column":16},"end":{"line":234,"column":66}},"89":{"start":{"line":235,"column":3},"end":{"line":235,"column":17}},"90":{"start":{"line":237,"column":3},"end":{"line":242,"column":20}},"91":{"start":{"line":238,"column":4},"end":{"line":238,"column":55}},"92":{"start":{"line":239,"column":4},"end":{"line":239,"column":77}},"93":{"start":{"line":240,"column":4},"end":{"line":240,"column":75}},"94":{"start":{"line":241,"column":4},"end":{"line":241,"column":18}},"95":{"start":{"line":242,"column":10},"end":{"line":242,"column":20}}},"fnMap":{"0":{"name":"(anonymous_0)","decl":{"start":{"line":10,"column":7},"end":{"line":10,"column":8}},"loc":{"start":{"line":10,"column":19},"end":{"line":17,"column":2}},"line":10},"1":{"name":"(anonymous_1)","decl":{"start":{"line":19,"column":1},"end":{"line":19,"column":2}},"loc":{"start":{"line":19,"column":25},"end":{"line":27,"column":2}},"line":19},"2":{"name":"(anonymous_2)","decl":{"start":{"line":29,"column":1},"end":{"line":29,"column":2}},"loc":{"start":{"line":29,"column":16},"end":{"line":32,"column":2}},"line":29},"3":{"name":"(anonymous_3)","decl":{"start":{"line":34,"column":1},"end":{"line":34,"column":2}},"loc":{"start":{"line":34,"column":24},"end":{"line":37,"column":2}},"line":34},"4":{"name":"(anonymous_4)","decl":{"start":{"line":39,"column":1},"end":{"line":39,"column":2}},"loc":{"start":{"line":39,"column":37},"end":{"line":52,"column":2}},"line":39},"5":{"name":"(anonymous_5)","decl":{"start":{"line":54,"column":1},"end":{"line":54,"column":2}},"loc":{"start":{"line":54,"column":34},"end":{"line":63,"column":2}},"line":54},"6":{"name":"(anonymous_6)","decl":{"start":{"line":65,"column":1},"end":{"line":65,"column":2}},"loc":{"start":{"line":65,"column":15},"end":{"line":69,"column":2}},"line":65},"7":{"name":"(anonymous_7)","decl":{"start":{"line":71,"column":1},"end":{"line":71,"column":2}},"loc":{"start":{"line":71,"column":30},"end":{"line":83,"column":2}},"line":71},"8":{"name":"(anonymous_8)","decl":{"start":{"line":85,"column":1},"end":{"line":85,"column":2}},"loc":{"start":{"line":85,"column":14},"end":{"line":93,"column":2}},"line":85},"9":{"name":"(anonymous_9)","decl":{"start":{"line":95,"column":1},"end":{"line":95,"column":2}},"loc":{"start":{"line":95,"column":36},"end":{"line":107,"column":2}},"line":95},"10":{"name":"(anonymous_10)","decl":{"start":{"line":109,"column":1},"end":{"line":109,"column":2}},"loc":{"start":{"line":109,"column":18},"end":{"line":117,"column":2}},"line":109},"11":{"name":"(anonymous_11)","decl":{"start":{"line":119,"column":1},"end":{"line":119,"column":2}},"loc":{"start":{"line":119,"column":32},"end":{"line":130,"column":3}},"line":119},"12":{"name":"(anonymous_12)","decl":{"start":{"line":132,"column":2},"end":{"line":132,"column":3}},"loc":{"start":{"line":132,"column":19},"end":{"line":138,"column":3}},"line":132},"13":{"name":"(anonymous_13)","decl":{"start":{"line":141,"column":1},"end":{"line":141,"column":2}},"loc":{"start":{"line":141,"column":31},"end":{"line":152,"column":2}},"line":141},"14":{"name":"(anonymous_14)","decl":{"start":{"line":154,"column":1},"end":{"line":154,"column":2}},"loc":{"start":{"line":154,"column":24},"end":{"line":162,"column":2}},"line":154},"15":{"name":"(anonymous_15)","decl":{"start":{"line":164,"column":1},"end":{"line":164,"column":2}},"loc":{"start":{"line":164,"column":23},"end":{"line":167,"column":2}},"line":164},"16":{"name":"(anonymous_16)","decl":{"start":{"line":169,"column":1},"end":{"line":169,"column":2}},"loc":{"start":{"line":169,"column":14},"end":{"line":172,"column":2}},"line":169},"17":{"name":"(anonymous_17)","decl":{"start":{"line":174,"column":1},"end":{"line":174,"column":2}},"loc":{"start":{"line":174,"column":42},"end":{"line":177,"column":2}},"line":174},"18":{"name":"(anonymous_18)","decl":{"start":{"line":179,"column":1},"end":{"line":179,"column":2}},"loc":{"start":{"line":179,"column":35},"end":{"line":185,"column":2}},"line":179},"19":{"name":"(anonymous_19)","decl":{"start":{"line":188,"column":1},"end":{"line":188,"column":2}},"loc":{"start":{"line":188,"column":29},"end":{"line":198,"column":2}},"line":188},"20":{"name":"(anonymous_20)","decl":{"start":{"line":200,"column":1},"end":{"line":200,"column":2}},"loc":{"start":{"line":200,"column":54},"end":{"line":221,"column":2}},"line":200},"21":{"name":"(anonymous_21)","decl":{"start":{"line":223,"column":1},"end":{"line":223,"column":2}},"loc":{"start":{"line":223,"column":61},"end":{"line":244,"column":2}},"line":223}},"branchMap":{"0":{"loc":{"start":{"line":14,"column":9},"end":{"line":16,"column":48}},"type":"cond-expr","locations":[{"start":{"line":15,"column":5},"end":{"line":15,"column":48}},{"start":{"line":16,"column":5},"end":{"line":16,"column":48}}],"line":14},"1":{"loc":{"start":{"line":14,"column":9},"end":{"line":14,"column":64}},"type":"binary-expr","locations":[{"start":{"line":14,"column":9},"end":{"line":14,"column":23}},{"start":{"line":14,"column":27},"end":{"line":14,"column":64}}],"line":14},"2":{"loc":{"start":{"line":19,"column":14},"end":{"line":19,"column":23}},"type":"default-arg","locations":[{"start":{"line":19,"column":21},"end":{"line":19,"column":23}}],"line":19},"3":{"loc":{"start":{"line":39,"column":18},"end":{"line":39,"column":35}},"type":"default-arg","locations":[{"start":{"line":39,"column":33},"end":{"line":39,"column":35}}],"line":39},"4":{"loc":{"start":{"line":54,"column":15},"end":{"line":54,"column":32}},"type":"default-arg","locations":[{"start":{"line":54,"column":30},"end":{"line":54,"column":32}}],"line":54},"5":{"loc":{"start":{"line":95,"column":17},"end":{"line":95,"column":34}},"type":"default-arg","locations":[{"start":{"line":95,"column":32},"end":{"line":95,"column":34}}],"line":95},"6":{"loc":{"start":{"line":119,"column":13},"end":{"line":119,"column":30}},"type":"default-arg","locations":[{"start":{"line":119,"column":28},"end":{"line":119,"column":30}}],"line":119},"7":{"loc":{"start":{"line":141,"column":12},"end":{"line":141,"column":29}},"type":"default-arg","locations":[{"start":{"line":141,"column":27},"end":{"line":141,"column":29}}],"line":141},"8":{"loc":{"start":{"line":154,"column":13},"end":{"line":154,"column":22}},"type":"default-arg","locations":[{"start":{"line":154,"column":20},"end":{"line":154,"column":22}}],"line":154},"9":{"loc":{"start":{"line":179,"column":18},"end":{"line":179,"column":25}},"type":"default-arg","locations":[{"start":{"line":179,"column":23},"end":{"line":179,"column":25}}],"line":179},"10":{"loc":{"start":{"line":200,"column":33},"end":{"line":200,"column":40}},"type":"default-arg","locations":[{"start":{"line":200,"column":38},"end":{"line":200,"column":40}}],"line":200},"11":{"loc":{"start":{"line":200,"column":42},"end":{"line":200,"column":52}},"type":"default-arg","locations":[{"start":{"line":200,"column":50},"end":{"line":200,"column":52}}],"line":200},"12":{"loc":{"start":{"line":208,"column":2},"end":{"line":210,"column":3}},"type":"if","locations":[{"start":{"line":208,"column":2},"end":{"line":210,"column":3}},{"start":{"line":208,"column":2},"end":{"line":210,"column":3}}],"line":208},"13":{"loc":{"start":{"line":208,"column":6},"end":{"line":208,"column":43}},"type":"binary-expr","locations":[{"start":{"line":208,"column":6},"end":{"line":208,"column":23}},{"start":{"line":208,"column":27},"end":{"line":208,"column":43}}],"line":208},"14":{"loc":{"start":{"line":216,"column":2},"end":{"line":220,"column":3}},"type":"if","locations":[{"start":{"line":216,"column":2},"end":{"line":220,"column":3}},{"start":{"line":216,"column":2},"end":{"line":220,"column":3}}],"line":216},"15":{"loc":{"start":{"line":223,"column":49},"end":{"line":223,"column":59}},"type":"default-arg","locations":[{"start":{"line":223,"column":57},"end":{"line":223,"column":59}}],"line":223},"16":{"loc":{"start":{"line":226,"column":2},"end":{"line":229,"column":3}},"type":"if","locations":[{"start":{"line":226,"column":2},"end":{"line":229,"column":3}},{"start":{"line":226,"column":2},"end":{"line":229,"column":3}}],"line":226},"17":{"loc":{"start":{"line":231,"column":2},"end":{"line":232,"column":54}},"type":"if","locations":[{"start":{"line":231,"column":2},"end":{"line":232,"column":54}},{"start":{"line":231,"column":2},"end":{"line":232,"column":54}}],"line":231},"18":{"loc":{"start":{"line":237,"column":3},"end":{"line":242,"column":20}},"type":"if","locations":[{"start":{"line":237,"column":3},"end":{"line":242,"column":20}},{"start":{"line":237,"column":3},"end":{"line":242,"column":20}}],"line":237},"19":{"loc":{"start":{"line":237,"column":7},"end":{"line":237,"column":47}},"type":"binary-expr","locations":[{"start":{"line":237,"column":7},"end":{"line":237,"column":25}},{"start":{"line":237,"column":29},"end":{"line":237,"column":47}}],"line":237}},"s":{"0":2,"1":2,"2":0,"3":0,"4":0,"5":0,"6":0,"7":0,"8":0,"9":0,"10":0,"11":0,"12":0,"13":0,"14":0,"15":0,"16":0,"17":0,"18":0,"19":0,"20":0,"21":0,"22":0,"23":0,"24":0,"25":0,"26":0,"27":0,"28":0,"29":0,"30":0,"31":0,"32":0,"33":0,"34":0,"35":0,"36":0,"37":0,"38":0,"39":0,"40":0,"41":0,"42":0,"43":0,"44":0,"45":0,"46":0,"47":0,"48":0,"49":0,"50":0,"51":0,"52":0,"53":0,"54":0,"55":0,"56":0,"57":0,"58":0,"59":0,"60":0,"61":0,"62":0,"63":0,"64":0,"65":0,"66":0,"67":0,"68":0,"69":0,"70":0,"71":0,"72":0,"73":0,"74":0,"75":0,"76":0,"77":0,"78":0,"79":0,"80":0,"81":0,"82":0,"83":0,"84":0,"85":0,"86":0,"87":0,"88":0,"89":0,"90":0,"91":0,"92":0,"93":0,"94":0,"95":0},"f":{"0":2,"1":0,"2":0,"3":0,"4":0,"5":0,"6":0,"7":0,"8":0,"9":0,"10":0,"11":0,"12":0,"13":0,"14":0,"15":0,"16":0,"17":0,"18":0,"19":0,"20":0,"21":0},"b":{"0":[0,2],"1":[2,0],"2":[0],"3":[0],"4":[0],"5":[0],"6":[0],"7":[0],"8":[0],"9":[0],"10":[0],"11":[0],"12":[0,0],"13":[0,0],"14":[0,0],"15":[0],"16":[0,0],"17":[0,0],"18":[0,0],"19":[0,0]},"_coverageSchema":"43e27e138ebf9cfc5966b082cf9a028302ed4184","hash":"93972e05b5ab2011f473056002876b3995f57643"}
,"/Users/jorge/Documents/lacueva/cotemar/cotizame-native/app/services/Local.js": {"path":"/Users/jorge/Documents/lacueva/cotemar/cotizame-native/app/services/Local.js","statementMap":{"0":{"start":{"line":12,"column":2},"end":{"line":12,"column":23}},"1":{"start":{"line":15,"column":2},"end":{"line":15,"column":24}},"2":{"start":{"line":16,"column":2},"end":{"line":16,"column":33}},"3":{"start":{"line":17,"column":2},"end":{"line":17,"column":28}},"4":{"start":{"line":18,"column":2},"end":{"line":18,"column":21}}},"fnMap":{"0":{"name":"(anonymous_0)","decl":{"start":{"line":11,"column":1},"end":{"line":11,"column":2}},"loc":{"start":{"line":11,"column":29},"end":{"line":13,"column":2}},"line":11},"1":{"name":"(anonymous_1)","decl":{"start":{"line":14,"column":1},"end":{"line":14,"column":2}},"loc":{"start":{"line":14,"column":11},"end":{"line":19,"column":2}},"line":14}},"branchMap":{"0":{"loc":{"start":{"line":11,"column":11},"end":{"line":11,"column":27}},"type":"default-arg","locations":[{"start":{"line":11,"column":20},"end":{"line":11,"column":27}}],"line":11}},"s":{"0":0,"1":2,"2":2,"3":2,"4":2},"f":{"0":0,"1":2},"b":{"0":[0]},"_coverageSchema":"43e27e138ebf9cfc5966b082cf9a028302ed4184","hash":"30120684afb4c3ada2e2bc895424cebfc1bdb2a1"}
,"/Users/jorge/Documents/lacueva/cotemar/cotizame-native/app/styles/ApplicationStyles.js": {"path":"/Users/jorge/Documents/lacueva/cotemar/cotizame-native/app/styles/ApplicationStyles.js","statementMap":{"0":{"start":{"line":8,"column":26},"end":{"line":180,"column":1}}},"fnMap":{},"branchMap":{},"s":{"0":1},"f":{},"b":{},"_coverageSchema":"43e27e138ebf9cfc5966b082cf9a028302ed4184","hash":"519ffacae63ab9c3f4b3bbd845a78903e9aa9aae"}
,"/Users/jorge/Documents/lacueva/cotemar/cotizame-native/app/styles/Colors.js": {"path":"/Users/jorge/Documents/lacueva/cotemar/cotizame-native/app/styles/Colors.js","statementMap":{"0":{"start":{"line":1,"column":15},"end":{"line":31,"column":1}}},"fnMap":{},"branchMap":{},"s":{"0":1},"f":{},"b":{},"_coverageSchema":"43e27e138ebf9cfc5966b082cf9a028302ed4184","hash":"9d0bd7cde00be0ef711a2e883ad95567c47add77"}
,"/Users/jorge/Documents/lacueva/cotemar/cotizame-native/app/styles/Fonts.js": {"path":"/Users/jorge/Documents/lacueva/cotemar/cotizame-native/app/styles/Fonts.js","statementMap":{"0":{"start":{"line":1,"column":13},"end":{"line":9,"column":1}},"1":{"start":{"line":11,"column":15},"end":{"line":16,"column":1}}},"fnMap":{},"branchMap":{},"s":{"0":1,"1":1},"f":{},"b":{},"_coverageSchema":"43e27e138ebf9cfc5966b082cf9a028302ed4184","hash":"9ab11bd564a4d96002a3258753a747026672b9d7"}
,"/Users/jorge/Documents/lacueva/cotemar/cotizame-native/app/styles/Metrics.js": {"path":"/Users/jorge/Documents/lacueva/cotemar/cotizame-native/app/styles/Metrics.js","statementMap":{"0":{"start":{"line":3,"column":26},"end":{"line":3,"column":50}},"1":{"start":{"line":6,"column":16},"end":{"line":31,"column":1}}},"fnMap":{},"branchMap":{"0":{"loc":{"start":{"line":15,"column":14},"end":{"line":15,"column":45}},"type":"cond-expr","locations":[{"start":{"line":15,"column":31},"end":{"line":15,"column":36}},{"start":{"line":15,"column":39},"end":{"line":15,"column":45}}],"line":15},"1":{"loc":{"start":{"line":16,"column":15},"end":{"line":16,"column":46}},"type":"cond-expr","locations":[{"start":{"line":16,"column":32},"end":{"line":16,"column":38}},{"start":{"line":16,"column":41},"end":{"line":16,"column":46}}],"line":16},"2":{"loc":{"start":{"line":17,"column":15},"end":{"line":17,"column":48}},"type":"cond-expr","locations":[{"start":{"line":17,"column":41},"end":{"line":17,"column":43}},{"start":{"line":17,"column":46},"end":{"line":17,"column":48}}],"line":17}},"s":{"0":1,"1":1},"f":{},"b":{"0":[1,0],"1":[1,0],"2":[1,0]},"_coverageSchema":"43e27e138ebf9cfc5966b082cf9a028302ed4184","hash":"3f86628446a384ebe99ba0fbad5937b349fade27"}
,"/Users/jorge/Documents/lacueva/cotemar/cotizame-native/app/styles/index.js": {"path":"/Users/jorge/Documents/lacueva/cotemar/cotizame-native/app/styles/index.js","statementMap":{},"fnMap":{},"branchMap":{},"s":{},"f":{},"b":{},"_coverageSchema":"43e27e138ebf9cfc5966b082cf9a028302ed4184","hash":"36a2199b482d5c2ed3498a94404c2b7c070d2c42"}
,"/Users/jorge/Documents/lacueva/cotemar/cotizame-native/app/utils/NormalizeById.js": {"path":"/Users/jorge/Documents/lacueva/cotemar/cotizame-native/app/utils/NormalizeById.js","statementMap":{"0":{"start":{"line":2,"column":14},"end":{"line":2,"column":16}},"1":{"start":{"line":3,"column":12},"end":{"line":3,"column":14}},"2":{"start":{"line":5,"column":1},"end":{"line":8,"column":4}},"3":{"start":{"line":6,"column":2},"end":{"line":6,"column":31}},"4":{"start":{"line":7,"column":2},"end":{"line":7,"column":30}},"5":{"start":{"line":10,"column":1},"end":{"line":10,"column":25}}},"fnMap":{"0":{"name":"normalizeByKey","decl":{"start":{"line":1,"column":24},"end":{"line":1,"column":38}},"loc":{"start":{"line":1,"column":63},"end":{"line":11,"column":1}},"line":1},"1":{"name":"(anonymous_1)","decl":{"start":{"line":5,"column":13},"end":{"line":5,"column":14}},"loc":{"start":{"line":5,"column":21},"end":{"line":8,"column":2}},"line":5}},"branchMap":{"0":{"loc":{"start":{"line":1,"column":39},"end":{"line":1,"column":45}},"type":"default-arg","locations":[{"start":{"line":1,"column":43},"end":{"line":1,"column":45}}],"line":1},"1":{"loc":{"start":{"line":1,"column":47},"end":{"line":1,"column":61}},"type":"default-arg","locations":[{"start":{"line":1,"column":57},"end":{"line":1,"column":61}}],"line":1}},"s":{"0":0,"1":0,"2":0,"3":0,"4":0,"5":0},"f":{"0":0,"1":0},"b":{"0":[0],"1":[0]},"_coverageSchema":"43e27e138ebf9cfc5966b082cf9a028302ed4184","hash":"1808573342dc7f6aeb8e03e9d545e3a187b0fcc5"}
,"/Users/jorge/Documents/lacueva/cotemar/cotizame-native/assets/msgLogo.png": {"path":"/Users/jorge/Documents/lacueva/cotemar/cotizame-native/assets/msgLogo.png","statementMap":{"0":{"start":{"line":1,"column":0},"end":{"line":1,"column":19}}},"fnMap":{},"branchMap":{},"s":{"0":1},"f":{},"b":{},"_coverageSchema":"43e27e138ebf9cfc5966b082cf9a028302ed4184","hash":"9cba1e506c2f582ba25d3450a6ac85f409a2fd89"}
}
