TN:
SF:/Users/jorge/Documents/lacueva/cotemar/cotizame-native/app/actions/AlertsActions.js
FN:13,fetchAlertsBatch
FN:14,(anonymous_1)
FN:21,fetchAlerts
FN:22,(anonymous_3)
FN:27,(anonymous_4)
FN:32,(anonymous_5)
FN:40,reloadAlerts
FN:41,(anonymous_7)
FN:46,(anonymous_8)
FN:53,(anonymous_9)
FN:61,(anonymous_10)
FN:65,(anonymous_11)
FN:69,(anonymous_12)
FN:73,(anonymous_13)
FN:77,(anonymous_14)
FN:82,(anonymous_15)
FNF:16
FNH:0
FNDA:0,fetchAlertsBatch
FNDA:0,(anonymous_1)
FNDA:0,fetchAlerts
FNDA:0,(anonymous_3)
FNDA:0,(anonymous_4)
FNDA:0,(anonymous_5)
FNDA:0,reloadAlerts
FNDA:0,(anonymous_7)
FNDA:0,(anonymous_8)
FNDA:0,(anonymous_9)
FNDA:0,(anonymous_10)
FNDA:0,(anonymous_11)
FNDA:0,(anonymous_12)
FNDA:0,(anonymous_13)
FNDA:0,(anonymous_14)
FNDA:0,(anonymous_15)
DA:6,2
DA:7,2
DA:8,2
DA:9,2
DA:10,2
DA:11,2
DA:14,0
DA:15,0
DA:16,0
DA:17,0
DA:22,0
DA:23,0
DA:24,0
DA:25,0
DA:28,0
DA:29,0
DA:30,0
DA:33,0
DA:34,0
DA:41,0
DA:42,0
DA:43,0
DA:44,0
DA:47,0
DA:48,0
DA:49,0
DA:50,0
DA:51,0
DA:54,0
DA:55,0
DA:61,2
DA:65,2
DA:69,2
DA:73,2
DA:77,2
DA:82,2
LF:36
LH:12
BRDA:15,0,0,0
BRDA:15,0,1,0
BRF:2
BRH:0
end_of_record
TN:
SF:/Users/jorge/Documents/lacueva/cotemar/cotizame-native/app/actions/CategoriesActions.js
FN:10,getCategories
FN:11,(anonymous_1)
FN:15,(anonymous_2)
FN:21,(anonymous_3)
FN:30,(anonymous_4)
FN:33,(anonymous_5)
FN:37,(anonymous_6)
FNF:7
FNH:0
FNDA:0,getCategories
FNDA:0,(anonymous_1)
FNDA:0,(anonymous_2)
FNDA:0,(anonymous_3)
FNDA:0,(anonymous_4)
FNDA:0,(anonymous_5)
FNDA:0,(anonymous_6)
DA:2,2
DA:3,2
DA:4,2
DA:11,0
DA:12,0
DA:13,0
DA:16,0
DA:22,0
DA:23,0
DA:30,2
DA:33,2
DA:37,2
LF:12
LH:6
BRF:0
BRH:0
end_of_record
TN:
SF:/Users/jorge/Documents/lacueva/cotemar/cotizame-native/app/actions/EndsTodayActions.js
FN:13,fetchEndsTodayBatch
FN:14,(anonymous_1)
FN:21,fetchEndsToday
FN:22,(anonymous_3)
FN:27,(anonymous_4)
FN:32,(anonymous_5)
FN:40,reloadEndsToday
FN:41,(anonymous_7)
FN:46,(anonymous_8)
FN:53,(anonymous_9)
FN:61,(anonymous_10)
FN:65,(anonymous_11)
FN:69,(anonymous_12)
FN:73,(anonymous_13)
FN:77,(anonymous_14)
FN:82,(anonymous_15)
FNF:16
FNH:0
FNDA:0,fetchEndsTodayBatch
FNDA:0,(anonymous_1)
FNDA:0,fetchEndsToday
FNDA:0,(anonymous_3)
FNDA:0,(anonymous_4)
FNDA:0,(anonymous_5)
FNDA:0,reloadEndsToday
FNDA:0,(anonymous_7)
FNDA:0,(anonymous_8)
FNDA:0,(anonymous_9)
FNDA:0,(anonymous_10)
FNDA:0,(anonymous_11)
FNDA:0,(anonymous_12)
FNDA:0,(anonymous_13)
FNDA:0,(anonymous_14)
FNDA:0,(anonymous_15)
DA:6,2
DA:7,2
DA:8,2
DA:9,2
DA:10,2
DA:11,2
DA:14,0
DA:15,0
DA:16,0
DA:17,0
DA:22,0
DA:23,0
DA:24,0
DA:25,0
DA:28,0
DA:29,0
DA:30,0
DA:33,0
DA:34,0
DA:41,0
DA:42,0
DA:43,0
DA:44,0
DA:47,0
DA:48,0
DA:49,0
DA:50,0
DA:51,0
DA:54,0
DA:55,0
DA:61,2
DA:65,2
DA:69,2
DA:73,2
DA:77,2
DA:82,2
LF:36
LH:12
BRDA:15,0,0,0
BRDA:15,0,1,0
BRF:2
BRH:0
end_of_record
TN:
SF:/Users/jorge/Documents/lacueva/cotemar/cotizame-native/app/actions/ForumActions.js
FN:9,getForum
FN:10,(anonymous_1)
FN:15,(anonymous_2)
FN:18,(anonymous_3)
FN:27,(anonymous_4)
FN:30,(anonymous_5)
FN:35,(anonymous_6)
FN:39,(anonymous_7)
FNF:8
FNH:0
FNDA:0,getForum
FNDA:0,(anonymous_1)
FNDA:0,(anonymous_2)
FNDA:0,(anonymous_3)
FNDA:0,(anonymous_4)
FNDA:0,(anonymous_5)
FNDA:0,(anonymous_6)
FNDA:0,(anonymous_7)
DA:3,2
DA:4,2
DA:5,2
DA:6,2
DA:10,0
DA:11,0
DA:12,0
DA:13,0
DA:16,0
DA:19,0
DA:20,0
DA:27,2
DA:30,2
DA:35,2
DA:39,2
LF:15
LH:8
BRF:0
BRH:0
end_of_record
TN:
SF:/Users/jorge/Documents/lacueva/cotemar/cotizame-native/app/actions/LoginActions.js
FN:7,login
FN:8,(anonymous_1)
FN:12,(anonymous_2)
FN:16,(anonymous_3)
FN:24,(anonymous_4)
FN:28,(anonymous_5)
FN:33,(anonymous_6)
FNF:7
FNH:0
FNDA:0,login
FNDA:0,(anonymous_1)
FNDA:0,(anonymous_2)
FNDA:0,(anonymous_3)
FNDA:0,(anonymous_4)
FNDA:0,(anonymous_5)
FNDA:0,(anonymous_6)
DA:3,2
DA:4,2
DA:5,2
DA:8,0
DA:9,0
DA:10,0
DA:13,0
DA:14,0
DA:17,0
DA:18,0
DA:24,2
DA:28,2
DA:33,2
LF:13
LH:6
BRF:0
BRH:0
end_of_record
TN:
SF:/Users/jorge/Documents/lacueva/cotemar/cotizame-native/app/actions/MeActions.js
FN:7,getMe
FN:8,(anonymous_1)
FN:12,(anonymous_2)
FN:16,(anonymous_3)
FN:24,(anonymous_4)
FN:25,(anonymous_5)
FN:30,(anonymous_6)
FN:34,(anonymous_7)
FN:39,(anonymous_8)
FNF:9
FNH:0
FNDA:0,getMe
FNDA:0,(anonymous_1)
FNDA:0,(anonymous_2)
FNDA:0,(anonymous_3)
FNDA:0,(anonymous_4)
FNDA:0,(anonymous_5)
FNDA:0,(anonymous_6)
FNDA:0,(anonymous_7)
FNDA:0,(anonymous_8)
DA:3,2
DA:4,2
DA:5,2
DA:8,0
DA:9,0
DA:10,0
DA:13,0
DA:14,0
DA:17,0
DA:18,0
DA:24,2
DA:25,0
DA:26,0
DA:30,2
DA:34,2
DA:39,2
LF:16
LH:7
BRF:0
BRH:0
end_of_record
TN:
SF:/Users/jorge/Documents/lacueva/cotemar/cotizame-native/app/actions/MembershipActions.js
FN:9,getMembership
FN:10,(anonymous_1)
FN:15,(anonymous_2)
FN:19,(anonymous_3)
FN:28,(anonymous_4)
FN:31,(anonymous_5)
FN:35,(anonymous_6)
FNF:7
FNH:0
FNDA:0,getMembership
FNDA:0,(anonymous_1)
FNDA:0,(anonymous_2)
FNDA:0,(anonymous_3)
FNDA:0,(anonymous_4)
FNDA:0,(anonymous_5)
FNDA:0,(anonymous_6)
DA:4,2
DA:5,2
DA:6,2
DA:10,0
DA:11,0
DA:12,0
DA:16,0
DA:17,0
DA:20,0
DA:21,0
DA:28,2
DA:31,2
DA:35,2
LF:13
LH:6
BRF:0
BRH:0
end_of_record
TN:
SF:/Users/jorge/Documents/lacueva/cotemar/cotizame-native/app/actions/OrderIdActions.js
FN:9,getOrderId
FN:10,(anonymous_1)
FN:15,(anonymous_2)
FN:18,(anonymous_3)
FN:27,(anonymous_4)
FN:30,(anonymous_5)
FN:35,(anonymous_6)
FN:39,(anonymous_7)
FNF:8
FNH:0
FNDA:0,getOrderId
FNDA:0,(anonymous_1)
FNDA:0,(anonymous_2)
FNDA:0,(anonymous_3)
FNDA:0,(anonymous_4)
FNDA:0,(anonymous_5)
FNDA:0,(anonymous_6)
FNDA:0,(anonymous_7)
DA:3,2
DA:4,2
DA:5,2
DA:6,2
DA:10,0
DA:11,0
DA:12,0
DA:13,0
DA:16,0
DA:19,0
DA:20,0
DA:27,2
DA:30,2
DA:35,2
DA:39,2
LF:15
LH:8
BRF:0
BRH:0
end_of_record
TN:
SF:/Users/jorge/Documents/lacueva/cotemar/cotizame-native/app/actions/OrdersActions.js
FN:13,fetchOrdersBatch
FN:14,(anonymous_1)
FN:21,fetchOrders
FN:22,(anonymous_3)
FN:27,(anonymous_4)
FN:32,(anonymous_5)
FN:40,reloadOrders
FN:41,(anonymous_7)
FN:46,(anonymous_8)
FN:53,(anonymous_9)
FN:61,(anonymous_10)
FN:65,(anonymous_11)
FN:69,(anonymous_12)
FN:73,(anonymous_13)
FN:77,(anonymous_14)
FN:82,(anonymous_15)
FNF:16
FNH:0
FNDA:0,fetchOrdersBatch
FNDA:0,(anonymous_1)
FNDA:0,fetchOrders
FNDA:0,(anonymous_3)
FNDA:0,(anonymous_4)
FNDA:0,(anonymous_5)
FNDA:0,reloadOrders
FNDA:0,(anonymous_7)
FNDA:0,(anonymous_8)
FNDA:0,(anonymous_9)
FNDA:0,(anonymous_10)
FNDA:0,(anonymous_11)
FNDA:0,(anonymous_12)
FNDA:0,(anonymous_13)
FNDA:0,(anonymous_14)
FNDA:0,(anonymous_15)
DA:6,2
DA:7,2
DA:8,2
DA:9,2
DA:10,2
DA:11,2
DA:14,0
DA:15,0
DA:16,0
DA:17,0
DA:22,0
DA:23,0
DA:24,0
DA:25,0
DA:28,0
DA:29,0
DA:30,0
DA:33,0
DA:34,0
DA:41,0
DA:42,0
DA:43,0
DA:44,0
DA:47,0
DA:48,0
DA:49,0
DA:50,0
DA:51,0
DA:54,0
DA:55,0
DA:61,2
DA:65,2
DA:69,2
DA:73,2
DA:77,2
DA:82,2
LF:36
LH:12
BRDA:15,0,0,0
BRDA:15,0,1,0
BRF:2
BRH:0
end_of_record
TN:
SF:/Users/jorge/Documents/lacueva/cotemar/cotizame-native/app/actions/RatingActions.js
FN:8,getRating
FN:9,(anonymous_1)
FN:13,(anonymous_2)
FN:16,(anonymous_3)
FN:25,(anonymous_4)
FN:28,(anonymous_5)
FN:32,(anonymous_6)
FNF:7
FNH:0
FNDA:0,getRating
FNDA:0,(anonymous_1)
FNDA:0,(anonymous_2)
FNDA:0,(anonymous_3)
FNDA:0,(anonymous_4)
FNDA:0,(anonymous_5)
FNDA:0,(anonymous_6)
DA:3,2
DA:4,2
DA:5,2
DA:9,0
DA:10,0
DA:11,0
DA:14,0
DA:17,0
DA:18,0
DA:25,2
DA:28,2
DA:32,2
LF:12
LH:6
BRF:0
BRH:0
end_of_record
TN:
SF:/Users/jorge/Documents/lacueva/cotemar/cotizame-native/app/actions/RequisitionIdActions.js
FN:8,getRequisitionId
FN:9,(anonymous_1)
FN:13,(anonymous_2)
FN:16,(anonymous_3)
FN:25,(anonymous_4)
FN:28,(anonymous_5)
FN:32,(anonymous_6)
FNF:7
FNH:0
FNDA:0,getRequisitionId
FNDA:0,(anonymous_1)
FNDA:0,(anonymous_2)
FNDA:0,(anonymous_3)
FNDA:0,(anonymous_4)
FNDA:0,(anonymous_5)
FNDA:0,(anonymous_6)
DA:3,2
DA:4,2
DA:5,2
DA:9,0
DA:10,0
DA:11,0
DA:14,0
DA:17,0
DA:18,0
DA:25,2
DA:28,2
DA:32,2
LF:12
LH:6
BRF:0
BRH:0
end_of_record
TN:
SF:/Users/jorge/Documents/lacueva/cotemar/cotizame-native/app/actions/RequisitionQuotationActions.js
FN:8,getRequisitionQuotation
FN:9,(anonymous_1)
FN:13,(anonymous_2)
FN:16,(anonymous_3)
FN:25,(anonymous_4)
FN:28,(anonymous_5)
FN:32,(anonymous_6)
FNF:7
FNH:0
FNDA:0,getRequisitionQuotation
FNDA:0,(anonymous_1)
FNDA:0,(anonymous_2)
FNDA:0,(anonymous_3)
FNDA:0,(anonymous_4)
FNDA:0,(anonymous_5)
FNDA:0,(anonymous_6)
DA:3,2
DA:4,2
DA:5,2
DA:9,0
DA:10,0
DA:11,0
DA:14,0
DA:17,0
DA:18,0
DA:25,2
DA:28,2
DA:32,2
LF:12
LH:6
BRF:0
BRH:0
end_of_record
TN:
SF:/Users/jorge/Documents/lacueva/cotemar/cotizame-native/app/actions/RequisitionsActions.js
FN:13,fetchRequisitionsBatch
FN:14,(anonymous_1)
FN:21,fetchRequisitions
FN:22,(anonymous_3)
FN:27,(anonymous_4)
FN:32,(anonymous_5)
FN:40,reloadRequisitions
FN:41,(anonymous_7)
FN:46,(anonymous_8)
FN:53,(anonymous_9)
FN:61,(anonymous_10)
FN:65,(anonymous_11)
FN:69,(anonymous_12)
FN:73,(anonymous_13)
FN:77,(anonymous_14)
FN:82,(anonymous_15)
FNF:16
FNH:0
FNDA:0,fetchRequisitionsBatch
FNDA:0,(anonymous_1)
FNDA:0,fetchRequisitions
FNDA:0,(anonymous_3)
FNDA:0,(anonymous_4)
FNDA:0,(anonymous_5)
FNDA:0,reloadRequisitions
FNDA:0,(anonymous_7)
FNDA:0,(anonymous_8)
FNDA:0,(anonymous_9)
FNDA:0,(anonymous_10)
FNDA:0,(anonymous_11)
FNDA:0,(anonymous_12)
FNDA:0,(anonymous_13)
FNDA:0,(anonymous_14)
FNDA:0,(anonymous_15)
DA:6,2
DA:7,2
DA:8,2
DA:9,2
DA:10,2
DA:11,2
DA:14,0
DA:15,0
DA:16,0
DA:17,0
DA:22,0
DA:23,0
DA:24,0
DA:25,0
DA:28,0
DA:29,0
DA:30,0
DA:33,0
DA:34,0
DA:41,0
DA:42,0
DA:43,0
DA:44,0
DA:47,0
DA:48,0
DA:49,0
DA:50,0
DA:51,0
DA:54,0
DA:55,0
DA:61,2
DA:65,2
DA:69,2
DA:73,2
DA:77,2
DA:82,2
LF:36
LH:12
BRDA:15,0,0,0
BRDA:15,0,1,0
BRF:2
BRH:0
end_of_record
TN:
SF:/Users/jorge/Documents/lacueva/cotemar/cotizame-native/app/actions/SummaryActions.js
FN:9,getSummary
FN:10,(anonymous_1)
FN:14,(anonymous_2)
FN:17,(anonymous_3)
FN:26,(anonymous_4)
FN:29,(anonymous_5)
FN:33,(anonymous_6)
FN:39,(anonymous_7)
FNF:8
FNH:0
FNDA:0,getSummary
FNDA:0,(anonymous_1)
FNDA:0,(anonymous_2)
FNDA:0,(anonymous_3)
FNDA:0,(anonymous_4)
FNDA:0,(anonymous_5)
FNDA:0,(anonymous_6)
FNDA:0,(anonymous_7)
DA:3,2
DA:4,2
DA:5,2
DA:6,2
DA:10,0
DA:11,0
DA:12,0
DA:15,0
DA:18,0
DA:19,0
DA:26,2
DA:29,2
DA:33,2
DA:39,2
LF:14
LH:8
BRF:0
BRH:0
end_of_record
TN:
SF:/Users/jorge/Documents/lacueva/cotemar/cotizame-native/app/actions/TenderIdActions.js
FN:7,getTenderId
FN:8,(anonymous_1)
FN:12,(anonymous_2)
FN:15,(anonymous_3)
FN:24,(anonymous_4)
FN:27,(anonymous_5)
FN:31,(anonymous_6)
FNF:7
FNH:0
FNDA:0,getTenderId
FNDA:0,(anonymous_1)
FNDA:0,(anonymous_2)
FNDA:0,(anonymous_3)
FNDA:0,(anonymous_4)
FNDA:0,(anonymous_5)
FNDA:0,(anonymous_6)
DA:3,2
DA:4,2
DA:5,2
DA:8,0
DA:9,0
DA:10,0
DA:13,0
DA:16,0
DA:17,0
DA:24,2
DA:27,2
DA:31,2
LF:12
LH:6
BRF:0
BRH:0
end_of_record
TN:
SF:/Users/jorge/Documents/lacueva/cotemar/cotizame-native/app/actions/TendersActions.js
FN:13,fetchTendersBatch
FN:14,(anonymous_1)
FN:21,fetchTenders
FN:22,(anonymous_3)
FN:27,(anonymous_4)
FN:32,(anonymous_5)
FN:40,reloadTenders
FN:41,(anonymous_7)
FN:46,(anonymous_8)
FN:53,(anonymous_9)
FN:61,(anonymous_10)
FN:65,(anonymous_11)
FN:69,(anonymous_12)
FN:73,(anonymous_13)
FN:77,(anonymous_14)
FN:82,(anonymous_15)
FNF:16
FNH:0
FNDA:0,fetchTendersBatch
FNDA:0,(anonymous_1)
FNDA:0,fetchTenders
FNDA:0,(anonymous_3)
FNDA:0,(anonymous_4)
FNDA:0,(anonymous_5)
FNDA:0,reloadTenders
FNDA:0,(anonymous_7)
FNDA:0,(anonymous_8)
FNDA:0,(anonymous_9)
FNDA:0,(anonymous_10)
FNDA:0,(anonymous_11)
FNDA:0,(anonymous_12)
FNDA:0,(anonymous_13)
FNDA:0,(anonymous_14)
FNDA:0,(anonymous_15)
DA:6,2
DA:7,2
DA:8,2
DA:9,2
DA:10,2
DA:11,2
DA:14,0
DA:15,0
DA:16,0
DA:17,0
DA:22,0
DA:23,0
DA:24,0
DA:25,0
DA:28,0
DA:29,0
DA:30,0
DA:33,0
DA:34,0
DA:41,0
DA:42,0
DA:43,0
DA:44,0
DA:47,0
DA:48,0
DA:49,0
DA:50,0
DA:51,0
DA:54,0
DA:55,0
DA:61,2
DA:65,2
DA:69,2
DA:73,2
DA:77,2
DA:82,2
LF:36
LH:12
BRDA:15,0,0,0
BRDA:15,0,1,0
BRF:2
BRH:0
end_of_record
TN:
SF:/Users/jorge/Documents/lacueva/cotemar/cotizame-native/app/components/BodyText/BodyText.js
FN:13,(anonymous_0)
FNF:1
FNH:0
FNDA:0,(anonymous_0)
DA:14,0
DA:15,0
DA:16,0
DA:18,0
DA:28,1
DA:32,1
LF:6
LH:2
BRDA:14,0,0,0
BRDA:14,0,1,0
BRDA:15,1,0,0
BRDA:15,1,1,0
BRDA:16,2,0,0
BRDA:16,2,1,0
BRF:6
BRH:0
end_of_record
TN:
SF:/Users/jorge/Documents/lacueva/cotemar/cotizame-native/app/components/BodyText/BodyTextStyle.js
FNF:0
FNH:0
LF:0
LH:0
BRF:0
BRH:0
end_of_record
TN:
SF:/Users/jorge/Documents/lacueva/cotemar/cotizame-native/app/components/BodyText/index.js
FNF:0
FNH:0
LF:0
LH:0
BRF:0
BRH:0
end_of_record
TN:
SF:/Users/jorge/Documents/lacueva/cotemar/cotizame-native/app/components/ReqItem/ReqItem.js
FN:22,(anonymous_0)
FNF:1
FNH:1
FNDA:1,(anonymous_0)
DA:23,1
DA:24,1
DA:25,1
DA:93,1
DA:104,1
LF:5
LH:5
BRDA:27,0,0,1
BRDA:27,0,1,0
BRDA:28,1,0,1
BRDA:28,1,1,1
BRDA:46,2,0,1
BRDA:46,2,1,1
BRDA:72,3,0,0
BRDA:72,3,1,1
BRF:8
BRH:6
end_of_record
TN:
SF:/Users/jorge/Documents/lacueva/cotemar/cotizame-native/app/components/ReqItem/ReqItemStyle.js
FNF:0
FNH:0
LF:0
LH:0
BRF:0
BRH:0
end_of_record
TN:
SF:/Users/jorge/Documents/lacueva/cotemar/cotizame-native/app/components/ReqItem/index.js
FNF:0
FNH:0
LF:0
LH:0
BRF:0
BRH:0
end_of_record
TN:
SF:/Users/jorge/Documents/lacueva/cotemar/cotizame-native/app/components/SmallText/SmallText.js
FN:13,(anonymous_0)
FNF:1
FNH:0
FNDA:0,(anonymous_0)
DA:14,0
DA:15,0
DA:16,0
DA:18,0
DA:28,1
DA:32,1
LF:6
LH:2
BRDA:14,0,0,0
BRDA:14,0,1,0
BRDA:15,1,0,0
BRDA:15,1,1,0
BRDA:16,2,0,0
BRDA:16,2,1,0
BRF:6
BRH:0
end_of_record
TN:
SF:/Users/jorge/Documents/lacueva/cotemar/cotizame-native/app/components/SmallText/SmallTextStyle.js
FNF:0
FNH:0
LF:0
LH:0
BRF:0
BRH:0
end_of_record
TN:
SF:/Users/jorge/Documents/lacueva/cotemar/cotizame-native/app/components/SmallText/index.js
FNF:0
FNH:0
LF:0
LH:0
BRF:0
BRH:0
end_of_record
TN:
SF:/Users/jorge/Documents/lacueva/cotemar/cotizame-native/app/locales/en/translations.js
FNF:0
FNH:0
LF:0
LH:0
BRF:0
BRH:0
end_of_record
TN:
SF:/Users/jorge/Documents/lacueva/cotemar/cotizame-native/app/locales/es/translations.js
FNF:0
FNH:0
LF:0
LH:0
BRF:0
BRH:0
end_of_record
TN:
SF:/Users/jorge/Documents/lacueva/cotemar/cotizame-native/app/reducers/AlertsReducer.js
FN:22,AlertsReducer
FN:69,(anonymous_1)
FN:73,(anonymous_2)
FN:74,(anonymous_3)
FN:77,(anonymous_4)
FNF:5
FNH:5
FNDA:10,AlertsReducer
FNDA:1,(anonymous_1)
FNDA:2,(anonymous_2)
FNDA:3,(anonymous_3)
FNDA:1,(anonymous_4)
DA:10,2
DA:12,2
DA:23,10
DA:25,1
DA:31,2
DA:32,2
DA:36,2
DA:44,1
DA:50,1
DA:55,1
DA:61,1
DA:65,1
DA:69,2
DA:70,1
DA:73,2
DA:74,3
DA:77,2
DA:78,1
LF:18
LH:18
BRDA:22,0,0,3
BRDA:23,1,0,1
BRDA:23,1,1,2
BRDA:23,1,2,1
BRDA:23,1,3,1
BRDA:23,1,4,1
BRDA:23,1,5,1
BRDA:23,1,6,1
BRF:8
BRH:8
end_of_record
TN:
SF:/Users/jorge/Documents/lacueva/cotemar/cotizame-native/app/reducers/CategoriesReducer.js
FN:16,CategoriesReducer
FNF:1
FNH:0
FNDA:0,CategoriesReducer
DA:9,2
DA:17,0
DA:19,0
DA:24,0
DA:30,0
DA:36,0
LF:6
LH:1
BRDA:16,0,0,0
BRDA:17,1,0,0
BRDA:17,1,1,0
BRDA:17,1,2,0
BRDA:17,1,3,0
BRF:5
BRH:0
end_of_record
TN:
SF:/Users/jorge/Documents/lacueva/cotemar/cotizame-native/app/reducers/EndsTodayReducer.js
FN:22,EndsTodayReducer
FN:69,(anonymous_1)
FN:73,(anonymous_2)
FN:74,(anonymous_3)
FN:74,(anonymous_4)
FN:77,(anonymous_5)
FNF:6
FNH:0
FNDA:0,EndsTodayReducer
FNDA:0,(anonymous_1)
FNDA:0,(anonymous_2)
FNDA:0,(anonymous_3)
FNDA:0,(anonymous_4)
FNDA:0,(anonymous_5)
DA:10,2
DA:12,2
DA:23,0
DA:25,0
DA:31,0
DA:32,0
DA:36,0
DA:44,0
DA:50,0
DA:55,0
DA:61,0
DA:65,0
DA:69,2
DA:70,0
DA:73,2
DA:74,0
DA:77,2
DA:78,0
LF:18
LH:5
BRDA:22,0,0,0
BRDA:23,1,0,0
BRDA:23,1,1,0
BRDA:23,1,2,0
BRDA:23,1,3,0
BRDA:23,1,4,0
BRDA:23,1,5,0
BRDA:23,1,6,0
BRDA:73,2,0,0
BRDA:74,3,0,0
BRDA:74,3,1,0
BRF:11
BRH:0
end_of_record
TN:
SF:/Users/jorge/Documents/lacueva/cotemar/cotizame-native/app/reducers/ForumReducer.js
FN:21,ForumReducer
FNF:1
FNH:0
FNDA:0,ForumReducer
DA:9,2
DA:11,2
DA:22,0
DA:24,0
DA:29,0
DA:37,0
DA:43,0
DA:52,0
LF:8
LH:2
BRDA:21,0,0,0
BRDA:22,1,0,0
BRDA:22,1,1,0
BRDA:22,1,2,0
BRDA:22,1,3,0
BRDA:22,1,4,0
BRF:6
BRH:0
end_of_record
TN:
SF:/Users/jorge/Documents/lacueva/cotemar/cotizame-native/app/reducers/LoginReducer.js
FN:14,LoginReducer
FNF:1
FNH:0
FNDA:0,LoginReducer
DA:7,2
DA:15,0
DA:17,0
DA:22,0
DA:28,0
DA:34,0
LF:6
LH:1
BRDA:14,0,0,0
BRDA:15,1,0,0
BRDA:15,1,1,0
BRDA:15,1,2,0
BRDA:15,1,3,0
BRF:5
BRH:0
end_of_record
TN:
SF:/Users/jorge/Documents/lacueva/cotemar/cotizame-native/app/reducers/MeReducer.js
FN:13,meReducer
FNF:1
FNH:0
FNDA:0,meReducer
DA:7,2
DA:14,0
DA:16,0
DA:21,0
DA:27,0
DA:33,0
LF:6
LH:1
BRDA:13,0,0,0
BRDA:14,1,0,0
BRDA:14,1,1,0
BRDA:14,1,2,0
BRDA:14,1,3,0
BRF:5
BRH:0
end_of_record
TN:
SF:/Users/jorge/Documents/lacueva/cotemar/cotizame-native/app/reducers/MembershipReducer.js
FN:16,MembershipReducer
FNF:1
FNH:0
FNDA:0,MembershipReducer
DA:9,2
DA:17,0
DA:19,0
DA:24,0
DA:30,0
DA:36,0
LF:6
LH:1
BRDA:16,0,0,0
BRDA:17,1,0,0
BRDA:17,1,1,0
BRDA:17,1,2,0
BRDA:17,1,3,0
BRF:5
BRH:0
end_of_record
TN:
SF:/Users/jorge/Documents/lacueva/cotemar/cotizame-native/app/reducers/OrderIdReducer.js
FN:22,OrderIdReducer
FNF:1
FNH:0
FNDA:0,OrderIdReducer
DA:9,2
DA:12,2
DA:23,0
DA:25,0
DA:30,0
DA:38,0
DA:44,0
DA:53,0
LF:8
LH:2
BRDA:22,0,0,0
BRDA:23,1,0,0
BRDA:23,1,1,0
BRDA:23,1,2,0
BRDA:23,1,3,0
BRDA:23,1,4,0
BRF:6
BRH:0
end_of_record
TN:
SF:/Users/jorge/Documents/lacueva/cotemar/cotizame-native/app/reducers/OrdersReducer.js
FN:22,OrdersReducer
FN:69,(anonymous_1)
FN:73,(anonymous_2)
FN:74,(anonymous_3)
FN:77,(anonymous_4)
FNF:5
FNH:0
FNDA:0,OrdersReducer
FNDA:0,(anonymous_1)
FNDA:0,(anonymous_2)
FNDA:0,(anonymous_3)
FNDA:0,(anonymous_4)
DA:10,2
DA:12,2
DA:23,0
DA:25,0
DA:31,0
DA:32,0
DA:36,0
DA:44,0
DA:50,0
DA:55,0
DA:61,0
DA:65,0
DA:69,2
DA:70,0
DA:73,2
DA:74,0
DA:77,2
DA:78,0
LF:18
LH:5
BRDA:22,0,0,0
BRDA:23,1,0,0
BRDA:23,1,1,0
BRDA:23,1,2,0
BRDA:23,1,3,0
BRDA:23,1,4,0
BRDA:23,1,5,0
BRDA:23,1,6,0
BRF:8
BRH:0
end_of_record
TN:
SF:/Users/jorge/Documents/lacueva/cotemar/cotizame-native/app/reducers/RatingReducer.js
FN:16,RatingReducer
FNF:1
FNH:0
FNDA:0,RatingReducer
DA:9,2
DA:17,0
DA:19,0
DA:24,0
DA:30,0
DA:36,0
LF:6
LH:1
BRDA:16,0,0,0
BRDA:17,1,0,0
BRDA:17,1,1,0
BRDA:17,1,2,0
BRDA:17,1,3,0
BRF:5
BRH:0
end_of_record
TN:
SF:/Users/jorge/Documents/lacueva/cotemar/cotizame-native/app/reducers/RequisitionIdReducer.js
FN:16,RequisitionIdReducer
FNF:1
FNH:0
FNDA:0,RequisitionIdReducer
DA:9,2
DA:17,0
DA:19,0
DA:24,0
DA:30,0
DA:36,0
LF:6
LH:1
BRDA:16,0,0,0
BRDA:17,1,0,0
BRDA:17,1,1,0
BRDA:17,1,2,0
BRDA:17,1,3,0
BRF:5
BRH:0
end_of_record
TN:
SF:/Users/jorge/Documents/lacueva/cotemar/cotizame-native/app/reducers/RequisitionQuotationReducer.js
FN:16,RequisitionQuotationReducer
FNF:1
FNH:0
FNDA:0,RequisitionQuotationReducer
DA:9,2
DA:17,0
DA:19,0
DA:24,0
DA:30,0
DA:36,0
LF:6
LH:1
BRDA:16,0,0,0
BRDA:17,1,0,0
BRDA:17,1,1,0
BRDA:17,1,2,0
BRDA:17,1,3,0
BRF:5
BRH:0
end_of_record
TN:
SF:/Users/jorge/Documents/lacueva/cotemar/cotizame-native/app/reducers/RequisitionsReducer.js
FN:22,RequisitionsReducer
FN:69,(anonymous_1)
FN:73,(anonymous_2)
FN:74,(anonymous_3)
FN:77,(anonymous_4)
FNF:5
FNH:0
FNDA:0,RequisitionsReducer
FNDA:0,(anonymous_1)
FNDA:0,(anonymous_2)
FNDA:0,(anonymous_3)
FNDA:0,(anonymous_4)
DA:10,2
DA:12,2
DA:23,0
DA:25,0
DA:31,0
DA:32,0
DA:36,0
DA:44,0
DA:50,0
DA:55,0
DA:61,0
DA:65,0
DA:69,2
DA:70,0
DA:73,2
DA:74,0
DA:77,2
DA:78,0
LF:18
LH:5
BRDA:22,0,0,0
BRDA:23,1,0,0
BRDA:23,1,1,0
BRDA:23,1,2,0
BRDA:23,1,3,0
BRDA:23,1,4,0
BRDA:23,1,5,0
BRDA:23,1,6,0
BRF:8
BRH:0
end_of_record
TN:
SF:/Users/jorge/Documents/lacueva/cotemar/cotizame-native/app/reducers/SummaryReducer.js
FN:21,SummaryReducer
FNF:1
FNH:0
FNDA:0,SummaryReducer
DA:9,2
DA:11,2
DA:22,0
DA:24,0
DA:29,0
DA:35,0
DA:41,0
DA:46,0
LF:8
LH:2
BRDA:21,0,0,0
BRDA:22,1,0,0
BRDA:22,1,1,0
BRDA:22,1,2,0
BRDA:22,1,3,0
BRDA:22,1,4,0
BRF:6
BRH:0
end_of_record
TN:
SF:/Users/jorge/Documents/lacueva/cotemar/cotizame-native/app/reducers/TenderIdReducer.js
FN:16,TenderIdReducer
FNF:1
FNH:0
FNDA:0,TenderIdReducer
DA:9,2
DA:17,0
DA:19,0
DA:24,0
DA:30,0
DA:36,0
LF:6
LH:1
BRDA:16,0,0,0
BRDA:17,1,0,0
BRDA:17,1,1,0
BRDA:17,1,2,0
BRDA:17,1,3,0
BRF:5
BRH:0
end_of_record
TN:
SF:/Users/jorge/Documents/lacueva/cotemar/cotizame-native/app/reducers/TendersReducer.js
FN:22,TendersReducer
FN:69,(anonymous_1)
FN:73,(anonymous_2)
FN:74,(anonymous_3)
FN:77,(anonymous_4)
FNF:5
FNH:0
FNDA:0,TendersReducer
FNDA:0,(anonymous_1)
FNDA:0,(anonymous_2)
FNDA:0,(anonymous_3)
FNDA:0,(anonymous_4)
DA:10,2
DA:12,2
DA:23,0
DA:25,0
DA:31,0
DA:32,0
DA:36,0
DA:44,0
DA:50,0
DA:55,0
DA:61,0
DA:65,0
DA:69,2
DA:70,0
DA:73,2
DA:74,0
DA:77,2
DA:78,0
LF:18
LH:5
BRDA:22,0,0,0
BRDA:23,1,0,0
BRDA:23,1,1,0
BRDA:23,1,2,0
BRDA:23,1,3,0
BRDA:23,1,4,0
BRDA:23,1,5,0
BRDA:23,1,6,0
BRF:8
BRH:0
end_of_record
TN:
SF:/Users/jorge/Documents/lacueva/cotemar/cotizame-native/app/reducers/index.js
FN:41,(anonymous_0)
FN:44,(anonymous_1)
FN:47,(anonymous_2)
FN:50,(anonymous_3)
FN:53,(anonymous_4)
FN:56,(anonymous_5)
FN:59,(anonymous_6)
FN:62,(anonymous_7)
FN:65,(anonymous_8)
FN:68,(anonymous_9)
FN:71,(anonymous_10)
FN:74,(anonymous_11)
FN:77,(anonymous_12)
FN:80,(anonymous_13)
FN:83,(anonymous_14)
FNF:15
FNH:0
FNDA:0,(anonymous_0)
FNDA:0,(anonymous_1)
FNDA:0,(anonymous_2)
FNDA:0,(anonymous_3)
FNDA:0,(anonymous_4)
FNDA:0,(anonymous_5)
FNDA:0,(anonymous_6)
FNDA:0,(anonymous_7)
FNDA:0,(anonymous_8)
FNDA:0,(anonymous_9)
FNDA:0,(anonymous_10)
FNDA:0,(anonymous_11)
FNDA:0,(anonymous_12)
FNDA:0,(anonymous_13)
FNDA:0,(anonymous_14)
DA:19,2
DA:41,2
DA:42,0
DA:44,2
DA:45,0
DA:47,2
DA:48,0
DA:50,2
DA:51,0
DA:53,2
DA:54,0
DA:56,2
DA:57,0
DA:59,2
DA:60,0
DA:62,2
DA:63,0
DA:65,2
DA:66,0
DA:68,2
DA:69,0
DA:71,2
DA:72,0
DA:74,2
DA:75,0
DA:77,2
DA:78,0
DA:80,2
DA:81,0
DA:83,2
DA:84,0
LF:31
LH:16
BRDA:62,0,0,0
BRF:1
BRH:0
end_of_record
TN:
SF:/Users/jorge/Documents/lacueva/cotemar/cotizame-native/app/services/ApiService.js
FN:10,(anonymous_0)
FN:19,(anonymous_1)
FN:29,(anonymous_2)
FN:34,(anonymous_3)
FN:39,(anonymous_4)
FN:54,(anonymous_5)
FN:65,(anonymous_6)
FN:71,(anonymous_7)
FN:85,(anonymous_8)
FN:95,(anonymous_9)
FN:109,(anonymous_10)
FN:119,(anonymous_11)
FN:132,(anonymous_12)
FN:141,(anonymous_13)
FN:154,(anonymous_14)
FN:164,(anonymous_15)
FN:169,(anonymous_16)
FN:174,(anonymous_17)
FN:179,(anonymous_18)
FN:188,(anonymous_19)
FN:200,(anonymous_20)
FN:223,(anonymous_21)
FNF:22
FNH:1
FNDA:2,(anonymous_0)
FNDA:0,(anonymous_1)
FNDA:0,(anonymous_2)
FNDA:0,(anonymous_3)
FNDA:0,(anonymous_4)
FNDA:0,(anonymous_5)
FNDA:0,(anonymous_6)
FNDA:0,(anonymous_7)
FNDA:0,(anonymous_8)
FNDA:0,(anonymous_9)
FNDA:0,(anonymous_10)
FNDA:0,(anonymous_11)
FNDA:0,(anonymous_12)
FNDA:0,(anonymous_13)
FNDA:0,(anonymous_14)
FNDA:0,(anonymous_15)
FNDA:0,(anonymous_16)
FNDA:0,(anonymous_17)
FNDA:0,(anonymous_18)
FNDA:0,(anonymous_19)
FNDA:0,(anonymous_20)
FNDA:0,(anonymous_21)
DA:11,2
DA:14,2
DA:20,0
DA:21,0
DA:24,0
DA:25,0
DA:26,0
DA:30,0
DA:31,0
DA:35,0
DA:36,0
DA:40,0
DA:41,0
DA:49,0
DA:50,0
DA:51,0
DA:55,0
DA:56,0
DA:60,0
DA:61,0
DA:62,0
DA:66,0
DA:68,0
DA:72,0
DA:80,0
DA:81,0
DA:82,0
DA:86,0
DA:90,0
DA:92,0
DA:96,0
DA:97,0
DA:104,0
DA:105,0
DA:106,0
DA:110,0
DA:113,0
DA:114,0
DA:116,0
DA:120,0
DA:121,0
DA:128,0
DA:129,0
DA:133,0
DA:136,0
DA:137,0
DA:142,0
DA:143,0
DA:149,0
DA:150,0
DA:151,0
DA:155,0
DA:160,0
DA:161,0
DA:165,0
DA:166,0
DA:170,0
DA:171,0
DA:175,0
DA:176,0
DA:180,0
DA:181,0
DA:182,0
DA:184,0
DA:189,0
DA:190,0
DA:191,0
DA:194,0
DA:197,0
DA:201,0
DA:203,0
DA:208,0
DA:209,0
DA:212,0
DA:214,0
DA:215,0
DA:216,0
DA:217,0
DA:219,0
DA:224,0
DA:225,0
DA:226,0
DA:227,0
DA:228,0
DA:230,0
DA:231,0
DA:232,0
DA:233,0
DA:234,0
DA:235,0
DA:237,0
DA:238,0
DA:239,0
DA:240,0
DA:241,0
DA:242,0
LF:96
LH:2
BRDA:14,0,0,0
BRDA:14,0,1,2
BRDA:14,1,0,2
BRDA:14,1,1,0
BRDA:19,2,0,0
BRDA:39,3,0,0
BRDA:54,4,0,0
BRDA:95,5,0,0
BRDA:119,6,0,0
BRDA:141,7,0,0
BRDA:154,8,0,0
BRDA:179,9,0,0
BRDA:200,10,0,0
BRDA:200,11,0,0
BRDA:208,12,0,0
BRDA:208,12,1,0
BRDA:208,13,0,0
BRDA:208,13,1,0
BRDA:216,14,0,0
BRDA:216,14,1,0
BRDA:223,15,0,0
BRDA:226,16,0,0
BRDA:226,16,1,0
BRDA:231,17,0,0
BRDA:231,17,1,0
BRDA:237,18,0,0
BRDA:237,18,1,0
BRDA:237,19,0,0
BRDA:237,19,1,0
BRF:29
BRH:2
end_of_record
TN:
SF:/Users/jorge/Documents/lacueva/cotemar/cotizame-native/app/services/Local.js
FN:11,(anonymous_0)
FN:14,(anonymous_1)
FNF:2
FNH:1
FNDA:0,(anonymous_0)
FNDA:2,(anonymous_1)
DA:12,0
DA:15,2
DA:16,2
DA:17,2
DA:18,2
LF:5
LH:4
BRDA:11,0,0,0
BRF:1
BRH:0
end_of_record
TN:
SF:/Users/jorge/Documents/lacueva/cotemar/cotizame-native/app/styles/ApplicationStyles.js
FNF:0
FNH:0
DA:8,1
LF:1
LH:1
BRF:0
BRH:0
end_of_record
TN:
SF:/Users/jorge/Documents/lacueva/cotemar/cotizame-native/app/styles/Colors.js
FNF:0
FNH:0
DA:1,1
LF:1
LH:1
BRF:0
BRH:0
end_of_record
TN:
SF:/Users/jorge/Documents/lacueva/cotemar/cotizame-native/app/styles/Fonts.js
FNF:0
FNH:0
DA:1,1
DA:11,1
LF:2
LH:2
BRF:0
BRH:0
end_of_record
TN:
SF:/Users/jorge/Documents/lacueva/cotemar/cotizame-native/app/styles/Metrics.js
FNF:0
FNH:0
DA:3,1
DA:6,1
LF:2
LH:2
BRDA:15,0,0,1
BRDA:15,0,1,0
BRDA:16,1,0,1
BRDA:16,1,1,0
BRDA:17,2,0,1
BRDA:17,2,1,0
BRF:6
BRH:3
end_of_record
TN:
SF:/Users/jorge/Documents/lacueva/cotemar/cotizame-native/app/styles/index.js
FNF:0
FNH:0
LF:0
LH:0
BRF:0
BRH:0
end_of_record
TN:
SF:/Users/jorge/Documents/lacueva/cotemar/cotizame-native/app/utils/NormalizeById.js
FN:1,normalizeByKey
FN:5,(anonymous_1)
FNF:2
FNH:0
FNDA:0,normalizeByKey
FNDA:0,(anonymous_1)
DA:2,0
DA:3,0
DA:5,0
DA:6,0
DA:7,0
DA:10,0
LF:6
LH:0
BRDA:1,0,0,0
BRDA:1,1,0,0
BRF:2
BRH:0
end_of_record
TN:
SF:/Users/jorge/Documents/lacueva/cotemar/cotizame-native/assets/msgLogo.png
FNF:0
FNH:0
DA:1,1
LF:1
LH:1
BRF:0
BRH:0
end_of_record
